mode: set
github.com/bililive-go/bililive-go/src/cmd/bililive/internal/flag/flag.go:30.13,32.2 1 0
github.com/bililive-go/bililive-go/src/cmd/bililive/internal/flag/flag.go:35.43,51.57 10 0
github.com/bililive-go/bililive-go/src/cmd/bililive/internal/flag/flag.go:51.57,52.38 1 0
github.com/bililive-go/bililive-go/src/cmd/bililive/internal/flag/flag.go:52.38,54.35 1 0
github.com/bililive-go/bililive-go/src/cmd/bililive/internal/flag/flag.go:54.35,56.5 1 0
github.com/bililive-go/bililive-go/src/cmd/bililive/internal/flag/flag.go:57.4,57.68 1 0
github.com/bililive-go/bililive-go/src/cmd/bililive/internal/flag/flag.go:57.68,59.19 2 0
github.com/bililive-go/bililive-go/src/cmd/bililive/internal/flag/flag.go:59.19,61.6 1 0
github.com/bililive-go/bililive-go/src/cmd/bililive/internal/flag/flag.go:65.2,65.12 1 0
github.com/bililive-go/bililive-go/src/cmd/bililive/bililive.go:30.43,32.22 2 0
github.com/bililive-go/bililive-go/src/cmd/bililive/bililive.go:32.22,34.17 2 0
github.com/bililive-go/bililive-go/src/cmd/bililive/bililive.go:34.17,36.4 1 0
github.com/bililive-go/bililive-go/src/cmd/bililive/bililive.go:37.3,37.13 1 0
github.com/bililive-go/bililive-go/src/cmd/bililive/bililive.go:38.8,40.3 1 0
github.com/bililive-go/bililive-go/src/cmd/bililive/bililive.go:41.2,41.54 1 0
github.com/bililive-go/bililive-go/src/cmd/bililive/bililive.go:41.54,44.17 2 0
github.com/bililive-go/bililive-go/src/cmd/bililive/bililive.go:44.17,46.4 1 0
github.com/bililive-go/bililive-go/src/cmd/bililive/bililive.go:48.2,48.32 1 0
github.com/bililive-go/bililive-go/src/cmd/bililive/bililive.go:51.60,53.16 2 0
github.com/bililive-go/bililive-go/src/cmd/bililive/bililive.go:53.16,55.3 1 0
github.com/bililive-go/bililive-go/src/cmd/bililive/bililive.go:56.2,58.16 3 0
github.com/bililive-go/bililive-go/src/cmd/bililive/bililive.go:58.16,60.3 1 0
github.com/bililive-go/bililive-go/src/cmd/bililive/bililive.go:61.2,61.20 1 0
github.com/bililive-go/bililive-go/src/cmd/bililive/bililive.go:64.13,66.16 2 0
github.com/bililive-go/bililive-go/src/cmd/bililive/bililive.go:66.16,69.3 2 0
github.com/bililive-go/bililive-go/src/cmd/bililive/bililive.go:71.2,82.23 8 0
github.com/bililive-go/bililive-go/src/cmd/bililive/bililive.go:82.23,85.3 2 0
github.com/bililive-go/bililive-go/src/cmd/bililive/bililive.go:85.8,88.3 2 0
github.com/bililive-go/bililive-go/src/cmd/bililive/bililive.go:89.2,92.31 3 0
github.com/bililive-go/bililive-go/src/cmd/bililive/bililive.go:92.31,94.3 1 0
github.com/bililive-go/bililive-go/src/cmd/bililive/bililive.go:96.2,99.43 3 0
github.com/bililive-go/bililive-go/src/cmd/bililive/bililive.go:99.43,103.17 3 0
github.com/bililive-go/bililive-go/src/cmd/bililive/bililive.go:103.17,105.12 2 0
github.com/bililive-go/bililive-go/src/cmd/bililive/bililive.go:107.3,107.45 1 0
github.com/bililive-go/bililive-go/src/cmd/bililive/bililive.go:107.45,109.12 2 0
github.com/bililive-go/bililive-go/src/cmd/bililive/bililive.go:111.3,112.30 2 0
github.com/bililive-go/bililive-go/src/cmd/bililive/bililive.go:115.2,117.38 3 0
github.com/bililive-go/bililive-go/src/cmd/bililive/bililive.go:117.38,119.3 1 0
github.com/bililive-go/bililive-go/src/cmd/bililive/bililive.go:120.2,120.38 1 0
github.com/bililive-go/bililive-go/src/cmd/bililive/bililive.go:120.38,122.3 1 0
github.com/bililive-go/bililive-go/src/cmd/bililive/bililive.go:124.2,124.60 1 0
github.com/bililive-go/bililive-go/src/cmd/bililive/bililive.go:124.60,126.3 1 0
github.com/bililive-go/bililive-go/src/cmd/bililive/bililive.go:129.2,129.28 1 0
github.com/bililive-go/bililive-go/src/cmd/bililive/bililive.go:129.28,130.59 1 0
github.com/bililive-go/bililive-go/src/cmd/bililive/bililive.go:130.59,132.4 1 0
github.com/bililive-go/bililive-go/src/cmd/bililive/bililive.go:135.2,135.35 1 0
github.com/bililive-go/bililive-go/src/cmd/bililive/bililive.go:135.35,137.17 2 0
github.com/bililive-go/bililive-go/src/cmd/bililive/bililive.go:137.17,139.14 2 0
github.com/bililive-go/bililive-go/src/cmd/bililive/bililive.go:141.3,141.23 1 0
github.com/bililive-go/bililive-go/src/cmd/bililive/bililive.go:141.23,142.53 1 0
github.com/bililive-go/bililive-go/src/cmd/bililive/bililive.go:142.53,144.5 1 0
github.com/bililive-go/bililive-go/src/cmd/bililive/bililive.go:146.3,146.30 1 0
github.com/bililive-go/bililive-go/src/cmd/bililive/bililive.go:149.2,151.12 3 0
github.com/bililive-go/bililive-go/src/cmd/bililive/bililive.go:151.12,153.29 2 0
github.com/bililive-go/bililive-go/src/cmd/bililive/bililive.go:153.29,155.4 1 0
github.com/bililive-go/bililive-go/src/cmd/bililive/bililive.go:156.3,157.34 2 0
github.com/bililive-go/bililive-go/src/cmd/bililive/bililive.go:160.2,160.23 1 0
github.com/bililive-go/bililive-go/src/cmd/bililive/bililive.go:160.23,161.13 1 0
github.com/bililive-go/bililive-go/src/cmd/bililive/bililive.go:161.13,162.8 1 0
github.com/bililive-go/bililive-go/src/cmd/bililive/bililive.go:162.8,165.5 2 0
github.com/bililive-go/bililive-go/src/cmd/bililive/bililive.go:168.2,169.21 2 0
github.com/bililive-go/bililive-go/src/cmd/build/build_go_binary.go:16.32,18.20 2 0
github.com/bililive-go/bililive-go/src/cmd/build/build_go_binary.go:18.20,20.3 1 0
github.com/bililive-go/bililive-go/src/cmd/build/build_go_binary.go:21.2,22.22 2 0
github.com/bililive-go/bililive-go/src/cmd/build/build_go_binary.go:22.22,24.3 1 0
github.com/bililive-go/bililive-go/src/cmd/build/build_go_binary.go:25.2,29.11 5 0
github.com/bililive-go/bililive-go/src/cmd/build/build_go_binary.go:29.11,33.3 3 0
github.com/bililive-go/bililive-go/src/cmd/build/build_go_binary.go:34.2,73.16 14 0
github.com/bililive-go/bililive-go/src/cmd/build/build_go_binary.go:73.16,75.3 1 0
github.com/bililive-go/bililive-go/src/cmd/build/build_go_binary.go:78.68,80.27 2 0
github.com/bililive-go/bililive-go/src/cmd/build/build_go_binary.go:80.27,82.3 1 0
github.com/bililive-go/bililive-go/src/cmd/build/build_go_binary.go:83.2,83.19 1 0
github.com/bililive-go/bililive-go/src/cmd/build/build_go_binary.go:86.26,89.16 3 0
github.com/bililive-go/bililive-go/src/cmd/build/build_go_binary.go:89.16,91.3 1 0
github.com/bililive-go/bililive-go/src/cmd/build/build_go_binary.go:92.2,92.39 1 0
github.com/bililive-go/bililive-go/src/cmd/build/build_go_binary.go:95.31,98.16 3 0
github.com/bililive-go/bililive-go/src/cmd/build/build_go_binary.go:98.16,100.3 1 0
github.com/bililive-go/bililive-go/src/cmd/build/build_go_binary.go:101.2,101.39 1 0
github.com/bililive-go/bililive-go/src/cmd/build/cmd.go:12.19,23.2 9 0
github.com/bililive-go/bililive-go/src/cmd/build/cmd.go:25.46,28.2 2 0
github.com/bililive-go/bililive-go/src/cmd/build/cmd.go:30.50,33.2 2 0
github.com/bililive-go/bililive-go/src/cmd/build/cmd.go:35.51,38.2 2 0
github.com/bililive-go/bililive-go/src/cmd/build/cmd.go:40.44,48.2 1 0
github.com/bililive-go/bililive-go/src/cmd/build/cmd.go:50.48,52.2 1 0
github.com/bililive-go/bililive-go/src/cmd/build/cmd.go:54.46,63.16 3 0
github.com/bililive-go/bililive-go/src/cmd/build/cmd.go:63.16,65.3 1 0
github.com/bililive-go/bililive-go/src/cmd/build/cmd.go:66.2,66.12 1 0
github.com/bililive-go/bililive-go/src/instance/context.go:13.49,14.45 1 0
github.com/bililive-go/bililive-go/src/instance/context.go:14.45,16.3 1 0
github.com/bililive-go/bililive-go/src/instance/context.go:17.2,17.12 1 0
github.com/bililive-go/bililive-go/src/configs/config.go:25.30,26.14 1 1
github.com/bililive-go/bililive-go/src/configs/config.go:26.14,28.3 1 1
github.com/bililive-go/bililive-go/src/configs/config.go:29.2,29.15 1 1
github.com/bililive-go/bililive-go/src/configs/config.go:29.15,31.3 1 1
github.com/bililive-go/bililive-go/src/configs/config.go:32.2,32.61 1 1
github.com/bililive-go/bililive-go/src/configs/config.go:32.61,34.3 1 1
github.com/bililive-go/bililive-go/src/configs/config.go:35.2,35.12 1 1
github.com/bililive-go/bililive-go/src/configs/config.go:86.36,88.2 1 0
github.com/bililive-go/bililive-go/src/configs/config.go:90.33,92.2 1 0
github.com/bililive-go/bililive-go/src/configs/config.go:107.67,111.50 2 1
github.com/bililive-go/bililive-go/src/configs/config.go:111.50,113.40 2 0
github.com/bililive-go/bililive-go/src/configs/config.go:113.40,115.4 1 0
github.com/bililive-go/bililive-go/src/configs/config.go:116.3,116.26 1 0
github.com/bililive-go/bililive-go/src/configs/config.go:118.2,120.12 2 1
github.com/bililive-go/bililive-go/src/configs/config.go:123.59,124.23 1 0
github.com/bililive-go/bililive-go/src/configs/config.go:124.23,126.3 1 0
github.com/bililive-go/bililive-go/src/configs/config.go:127.2,128.34 2 0
github.com/bililive-go/bililive-go/src/configs/config.go:128.34,132.3 3 0
github.com/bililive-go/bililive-go/src/configs/config.go:133.2,133.18 1 0
github.com/bililive-go/bililive-go/src/configs/config.go:164.26,168.2 3 0
github.com/bililive-go/bililive-go/src/configs/config.go:171.33,172.14 1 1
github.com/bililive-go/bililive-go/src/configs/config.go:172.14,174.3 1 1
github.com/bililive-go/bililive-go/src/configs/config.go:175.2,175.39 1 1
github.com/bililive-go/bililive-go/src/configs/config.go:175.39,177.3 1 0
github.com/bililive-go/bililive-go/src/configs/config.go:178.2,178.21 1 1
github.com/bililive-go/bililive-go/src/configs/config.go:178.21,180.3 1 1
github.com/bililive-go/bililive-go/src/configs/config.go:181.2,181.49 1 1
github.com/bililive-go/bililive-go/src/configs/config.go:181.49,183.3 1 1
github.com/bililive-go/bililive-go/src/configs/config.go:184.2,184.86 1 1
github.com/bililive-go/bililive-go/src/configs/config.go:184.86,186.3 1 0
github.com/bililive-go/bililive-go/src/configs/config.go:187.2,187.44 1 1
github.com/bililive-go/bililive-go/src/configs/config.go:187.44,189.3 1 1
github.com/bililive-go/bililive-go/src/configs/config.go:190.2,190.12 1 1
github.com/bililive-go/bililive-go/src/configs/config.go:194.46,195.39 1 1
github.com/bililive-go/bililive-go/src/configs/config.go:195.39,197.3 1 1
github.com/bililive-go/bililive-go/src/configs/config.go:200.56,202.48 2 0
github.com/bililive-go/bililive-go/src/configs/config.go:202.48,203.78 1 0
github.com/bililive-go/bililive-go/src/configs/config.go:203.78,207.4 3 0
github.com/bililive-go/bililive-go/src/configs/config.go:209.2,209.51 1 0
github.com/bililive-go/bililive-go/src/configs/config.go:212.66,214.16 2 0
github.com/bililive-go/bililive-go/src/configs/config.go:214.16,216.58 2 0
github.com/bililive-go/bililive-go/src/configs/config.go:216.58,218.4 1 0
github.com/bililive-go/bililive-go/src/configs/config.go:220.2,220.18 1 0
github.com/bililive-go/bililive-go/src/configs/config.go:223.69,224.48 1 0
github.com/bililive-go/bililive-go/src/configs/config.go:224.48,225.78 1 0
github.com/bililive-go/bililive-go/src/configs/config.go:225.78,227.4 1 0
github.com/bililive-go/bililive-go/src/configs/config.go:229.2,229.59 1 0
github.com/bililive-go/bililive-go/src/configs/config.go:232.52,234.51 2 1
github.com/bililive-go/bililive-go/src/configs/config.go:234.51,236.3 1 0
github.com/bililive-go/bililive-go/src/configs/config.go:237.2,238.21 2 1
github.com/bililive-go/bililive-go/src/configs/config.go:241.54,243.16 2 1
github.com/bililive-go/bililive-go/src/configs/config.go:243.16,245.3 1 0
github.com/bililive-go/bililive-go/src/configs/config.go:246.2,247.16 2 1
github.com/bililive-go/bililive-go/src/configs/config.go:247.16,249.3 1 0
github.com/bililive-go/bililive-go/src/configs/config.go:250.2,251.20 2 1
github.com/bililive-go/bililive-go/src/configs/config.go:254.34,255.18 1 0
github.com/bililive-go/bililive-go/src/configs/config.go:255.18,257.3 1 0
github.com/bililive-go/bililive-go/src/configs/config.go:258.2,259.16 2 0
github.com/bililive-go/bililive-go/src/configs/config.go:259.16,261.3 1 0
github.com/bililive-go/bililive-go/src/configs/config.go:262.2,262.47 1 0
github.com/bililive-go/bililive-go/src/configs/config.go:265.47,266.18 1 0
github.com/bililive-go/bililive-go/src/configs/config.go:266.18,268.3 1 0
github.com/bililive-go/bililive-go/src/configs/config.go:269.2,269.20 1 0
github.com/bililive-go/bililive-go/src/live/info.go:25.46,53.41 2 0
github.com/bililive-go/bililive-go/src/live/info.go:53.41,56.3 2 0
github.com/bililive-go/bililive-go/src/live/info.go:57.2,57.24 1 0
github.com/bililive-go/bililive-go/src/live/lives.go:23.41,25.2 1 0
github.com/bililive-go/bililive-go/src/live/lives.go:27.48,30.2 2 0
github.com/bililive-go/bililive-go/src/live/lives.go:53.51,55.16 2 0
github.com/bililive-go/bililive-go/src/live/lives.go:55.16,57.3 1 0
github.com/bililive-go/bililive-go/src/live/lives.go:58.2,59.27 2 0
github.com/bililive-go/bililive-go/src/live/lives.go:59.27,61.3 1 0
github.com/bililive-go/bililive-go/src/live/lives.go:62.2,62.21 1 0
github.com/bililive-go/bililive-go/src/live/lives.go:65.46,67.16 2 0
github.com/bililive-go/bililive-go/src/live/lives.go:67.16,68.13 1 0
github.com/bililive-go/bililive-go/src/live/lives.go:70.2,70.16 1 0
github.com/bililive-go/bililive-go/src/live/lives.go:75.61,76.29 1 0
github.com/bililive-go/bililive-go/src/live/lives.go:76.29,78.55 2 0
github.com/bililive-go/bililive-go/src/live/lives.go:78.55,80.23 2 0
github.com/bililive-go/bililive-go/src/live/lives.go:80.23,81.13 1 0
github.com/bililive-go/bililive-go/src/live/lives.go:83.4,86.6 1 0
github.com/bililive-go/bililive-go/src/live/lives.go:88.3,88.42 1 0
github.com/bililive-go/bililive-go/src/live/lives.go:92.38,93.29 1 0
github.com/bililive-go/bililive-go/src/live/lives.go:93.29,95.3 1 0
github.com/bililive-go/bililive-go/src/live/lives.go:98.43,99.29 1 0
github.com/bililive-go/bililive-go/src/live/lives.go:99.29,101.3 1 0
github.com/bililive-go/bililive-go/src/live/lives.go:104.43,105.29 1 0
github.com/bililive-go/bililive-go/src/live/lives.go:105.29,107.3 1 0
github.com/bililive-go/bililive-go/src/live/lives.go:139.57,144.2 1 0
github.com/bililive-go/bililive-go/src/live/lives.go:146.48,148.16 2 0
github.com/bililive-go/bililive-go/src/live/lives.go:148.16,149.48 1 0
github.com/bililive-go/bililive-go/src/live/lives.go:149.48,151.4 1 0
github.com/bililive-go/bililive-go/src/live/lives.go:152.3,152.18 1 0
github.com/bililive-go/bililive-go/src/live/lives.go:154.2,154.20 1 0
github.com/bililive-go/bililive-go/src/live/lives.go:154.20,156.3 1 0
github.com/bililive-go/bililive-go/src/live/lives.go:157.2,157.15 1 0
github.com/bililive-go/bililive-go/src/live/lives.go:160.98,162.16 2 0
github.com/bililive-go/bililive-go/src/live/lives.go:162.16,164.3 1 0
github.com/bililive-go/bililive-go/src/live/lives.go:165.2,166.9 2 0
github.com/bililive-go/bililive-go/src/live/lives.go:166.9,168.3 1 0
github.com/bililive-go/bililive-go/src/live/lives.go:169.2,170.16 2 0
github.com/bililive-go/bililive-go/src/live/lives.go:170.16,172.3 1 0
github.com/bililive-go/bililive-go/src/live/lives.go:173.2,175.25 3 0
github.com/bililive-go/bililive-go/src/live/lives.go:175.25,177.45 2 0
github.com/bililive-go/bililive-go/src/live/lives.go:177.45,178.31 1 0
github.com/bililive-go/bililive-go/src/live/lives.go:178.31,180.5 1 0
github.com/bililive-go/bililive-go/src/live/lives.go:181.4,181.10 1 0
github.com/bililive-go/bililive-go/src/live/lives.go:183.3,183.30 1 0
github.com/bililive-go/bililive-go/src/live/lives.go:187.2,188.16 2 0
github.com/bililive-go/bililive-go/src/live/lives.go:188.16,190.3 1 0
github.com/bililive-go/bililive-go/src/live/lives.go:191.2,194.8 4 0
github.com/bililive-go/bililive-go/src/live/bilibili/bilibili.go:31.13,33.2 1 0
github.com/bililive-go/bililive-go/src/live/bilibili/bilibili.go:37.58,41.2 1 0
github.com/bililive-go/bililive-go/src/live/bilibili/bilibili.go:48.36,50.20 2 0
github.com/bililive-go/bililive-go/src/live/bilibili/bilibili.go:50.20,52.3 1 0
github.com/bililive-go/bililive-go/src/live/bilibili/bilibili.go:53.2,55.31 3 0
github.com/bililive-go/bililive-go/src/live/bilibili/bilibili.go:55.31,57.3 1 0
github.com/bililive-go/bililive-go/src/live/bilibili/bilibili.go:58.2,59.16 2 0
github.com/bililive-go/bililive-go/src/live/bilibili/bilibili.go:59.16,61.3 1 0
github.com/bililive-go/bililive-go/src/live/bilibili/bilibili.go:62.2,62.38 1 0
github.com/bililive-go/bililive-go/src/live/bilibili/bilibili.go:62.38,64.3 1 0
github.com/bililive-go/bililive-go/src/live/bilibili/bilibili.go:65.2,66.59 2 0
github.com/bililive-go/bililive-go/src/live/bilibili/bilibili.go:66.59,68.3 1 0
github.com/bililive-go/bililive-go/src/live/bilibili/bilibili.go:69.2,70.12 2 0
github.com/bililive-go/bililive-go/src/live/bilibili/bilibili.go:73.55,75.20 1 0
github.com/bililive-go/bililive-go/src/live/bilibili/bilibili.go:75.20,76.41 1 0
github.com/bililive-go/bililive-go/src/live/bilibili/bilibili.go:76.41,78.4 1 0
github.com/bililive-go/bililive-go/src/live/bilibili/bilibili.go:80.2,82.31 3 0
github.com/bililive-go/bililive-go/src/live/bilibili/bilibili.go:82.31,84.3 1 0
github.com/bililive-go/bililive-go/src/live/bilibili/bilibili.go:85.2,92.16 2 0
github.com/bililive-go/bililive-go/src/live/bilibili/bilibili.go:92.16,94.3 1 0
github.com/bililive-go/bililive-go/src/live/bilibili/bilibili.go:95.2,95.38 1 0
github.com/bililive-go/bililive-go/src/live/bilibili/bilibili.go:95.38,97.3 1 0
github.com/bililive-go/bililive-go/src/live/bilibili/bilibili.go:98.2,99.16 2 0
github.com/bililive-go/bililive-go/src/live/bilibili/bilibili.go:99.16,101.3 1 0
github.com/bililive-go/bililive-go/src/live/bilibili/bilibili.go:102.2,102.45 1 0
github.com/bililive-go/bililive-go/src/live/bilibili/bilibili.go:102.45,104.3 1 0
github.com/bililive-go/bililive-go/src/live/bilibili/bilibili.go:106.2,114.16 3 0
github.com/bililive-go/bililive-go/src/live/bilibili/bilibili.go:114.16,116.3 1 0
github.com/bililive-go/bililive-go/src/live/bilibili/bilibili.go:117.2,117.38 1 0
github.com/bililive-go/bililive-go/src/live/bilibili/bilibili.go:117.38,119.3 1 0
github.com/bililive-go/bililive-go/src/live/bilibili/bilibili.go:120.2,121.16 2 0
github.com/bililive-go/bililive-go/src/live/bilibili/bilibili.go:121.16,123.3 1 0
github.com/bililive-go/bililive-go/src/live/bilibili/bilibili.go:124.2,124.45 1 0
github.com/bililive-go/bililive-go/src/live/bilibili/bilibili.go:124.45,126.3 1 0
github.com/bililive-go/bililive-go/src/live/bilibili/bilibili.go:128.2,129.18 2 0
github.com/bililive-go/bililive-go/src/live/bilibili/bilibili.go:132.74,133.20 1 0
github.com/bililive-go/bililive-go/src/live/bilibili/bilibili.go:133.20,134.41 1 0
github.com/bililive-go/bililive-go/src/live/bilibili/bilibili.go:134.41,136.4 1 0
github.com/bililive-go/bililive-go/src/live/bilibili/bilibili.go:138.2,140.31 3 0
github.com/bililive-go/bililive-go/src/live/bilibili/bilibili.go:140.31,142.3 1 0
github.com/bililive-go/bililive-go/src/live/bilibili/bilibili.go:143.2,147.25 4 0
github.com/bililive-go/bililive-go/src/live/bilibili/bilibili.go:147.25,162.34 3 0
github.com/bililive-go/bililive-go/src/live/bilibili/bilibili.go:162.34,164.4 1 0
github.com/bililive-go/bililive-go/src/live/bilibili/bilibili.go:165.3,167.43 3 0
github.com/bililive-go/bililive-go/src/live/bilibili/bilibili.go:169.2,170.16 2 0
github.com/bililive-go/bililive-go/src/live/bilibili/bilibili.go:170.16,172.3 1 0
github.com/bililive-go/bililive-go/src/live/bilibili/bilibili.go:173.2,173.38 1 0
github.com/bililive-go/bililive-go/src/live/bilibili/bilibili.go:173.38,175.3 1 0
github.com/bililive-go/bililive-go/src/live/bilibili/bilibili.go:176.2,177.16 2 0
github.com/bililive-go/bililive-go/src/live/bilibili/bilibili.go:177.16,179.3 1 0
github.com/bililive-go/bililive-go/src/live/bilibili/bilibili.go:180.2,183.117 3 0
github.com/bililive-go/bililive-go/src/live/bilibili/bilibili.go:183.117,185.3 1 0
github.com/bililive-go/bililive-go/src/live/bilibili/bilibili.go:185.8,187.3 1 0
github.com/bililive-go/bililive-go/src/live/bilibili/bilibili.go:189.2,190.82 2 0
github.com/bililive-go/bililive-go/src/live/bilibili/bilibili.go:190.82,195.3 4 0
github.com/bililive-go/bililive-go/src/live/bilibili/bilibili.go:197.2,198.16 2 0
github.com/bililive-go/bililive-go/src/live/bilibili/bilibili.go:198.16,200.3 1 0
github.com/bililive-go/bililive-go/src/live/bilibili/bilibili.go:201.2,202.8 2 0
github.com/bililive-go/bililive-go/src/live/bilibili/bilibili.go:205.43,207.2 1 0
github.com/bililive-go/bililive-go/src/live/bilibili/bilibili.go:209.60,212.25 3 0
github.com/bililive-go/bililive-go/src/live/bilibili/bilibili.go:212.25,215.3 2 0
github.com/bililive-go/bililive-go/src/live/bilibili/bilibili.go:216.2,219.3 1 0
github.com/bililive-go/bililive-go/src/live/acfun/acfun.go:26.13,28.2 1 0
github.com/bililive-go/bililive-go/src/live/acfun/acfun.go:32.58,36.2 1 0
github.com/bililive-go/bililive-go/src/live/acfun/acfun.go:42.55,44.20 2 0
github.com/bililive-go/bililive-go/src/live/acfun/acfun.go:44.20,46.3 1 0
github.com/bililive-go/bililive-go/src/live/acfun/acfun.go:47.2,48.16 2 0
github.com/bililive-go/bililive-go/src/live/acfun/acfun.go:48.16,50.3 1 0
github.com/bililive-go/bililive-go/src/live/acfun/acfun.go:51.2,51.38 1 0
github.com/bililive-go/bililive-go/src/live/acfun/acfun.go:51.38,53.3 1 0
github.com/bililive-go/bililive-go/src/live/acfun/acfun.go:54.2,55.16 2 0
github.com/bililive-go/bililive-go/src/live/acfun/acfun.go:55.16,57.3 1 0
github.com/bililive-go/bililive-go/src/live/acfun/acfun.go:58.2,64.8 2 0
github.com/bililive-go/bililive-go/src/live/acfun/acfun.go:67.59,75.16 3 0
github.com/bililive-go/bililive-go/src/live/acfun/acfun.go:75.16,77.3 1 0
github.com/bililive-go/bililive-go/src/live/acfun/acfun.go:78.2,78.38 1 0
github.com/bililive-go/bililive-go/src/live/acfun/acfun.go:78.38,80.3 1 0
github.com/bililive-go/bililive-go/src/live/acfun/acfun.go:81.2,82.16 2 0
github.com/bililive-go/bililive-go/src/live/acfun/acfun.go:82.16,84.3 1 0
github.com/bililive-go/bililive-go/src/live/acfun/acfun.go:85.2,104.16 5 0
github.com/bililive-go/bililive-go/src/live/acfun/acfun.go:104.16,106.3 1 0
github.com/bililive-go/bililive-go/src/live/acfun/acfun.go:107.2,107.38 1 0
github.com/bililive-go/bililive-go/src/live/acfun/acfun.go:107.38,109.3 1 0
github.com/bililive-go/bililive-go/src/live/acfun/acfun.go:110.2,111.16 2 0
github.com/bililive-go/bililive-go/src/live/acfun/acfun.go:111.16,113.3 1 0
github.com/bililive-go/bililive-go/src/live/acfun/acfun.go:114.2,118.16 3 0
github.com/bililive-go/bililive-go/src/live/acfun/acfun.go:118.16,120.3 1 0
github.com/bililive-go/bililive-go/src/live/acfun/acfun.go:121.2,121.21 1 0
github.com/bililive-go/bililive-go/src/live/acfun/acfun.go:124.43,126.2 1 0
github.com/bililive-go/bililive-go/src/live/acfun/url.go:18.36,18.53 1 0
github.com/bililive-go/bililive-go/src/live/acfun/url.go:20.46,22.2 1 0
github.com/bililive-go/bililive-go/src/live/acfun/url.go:24.41,26.2 1 0
github.com/bililive-go/bililive-go/src/live/acfun/url.go:28.39,30.2 1 0
github.com/bililive-go/bililive-go/src/live/acfun/url.go:32.37,38.2 5 0
github.com/bililive-go/bililive-go/src/live/acfun/url.go:40.56,42.27 2 0
github.com/bililive-go/bililive-go/src/live/acfun/url.go:42.27,44.3 1 0
github.com/bililive-go/bililive-go/src/live/acfun/url.go:45.2,45.31 1 0
github.com/bililive-go/bililive-go/src/live/acfun/url.go:48.68,50.55 2 0
github.com/bililive-go/bililive-go/src/live/acfun/url.go:50.55,52.3 1 0
github.com/bililive-go/bililive-go/src/live/acfun/url.go:53.2,54.16 2 0
github.com/bililive-go/bililive-go/src/listeners/listener.go:31.64,42.2 2 1
github.com/bililive-go/bililive-go/src/listeners/listener.go:56.34,57.60 1 1
github.com/bililive-go/bililive-go/src/listeners/listener.go:57.60,59.3 1 1
github.com/bililive-go/bililive-go/src/listeners/listener.go:60.2,65.12 5 1
github.com/bililive-go/bililive-go/src/listeners/listener.go:68.28,69.62 1 1
github.com/bililive-go/bililive-go/src/listeners/listener.go:69.62,71.3 1 1
github.com/bililive-go/bililive-go/src/listeners/listener.go:72.2,73.15 2 1
github.com/bililive-go/bililive-go/src/listeners/listener.go:76.30,78.16 2 1
github.com/bililive-go/bililive-go/src/listeners/listener.go:78.16,84.3 2 1
github.com/bililive-go/bililive-go/src/listeners/listener.go:86.2,95.15 2 1
github.com/bililive-go/bililive-go/src/listeners/listener.go:95.15,95.42 1 1
github.com/bililive-go/bililive-go/src/listeners/listener.go:96.2,97.37 2 1
github.com/bililive-go/bililive-go/src/listeners/listener.go:98.9,99.26 1 1
github.com/bililive-go/bililive-go/src/listeners/listener.go:100.23,103.25 3 1
github.com/bililive-go/bililive-go/src/listeners/listener.go:104.24,106.23 2 1
github.com/bililive-go/bililive-go/src/listeners/listener.go:107.26,108.55 1 1
github.com/bililive-go/bililive-go/src/listeners/listener.go:108.55,110.4 1 1
github.com/bililive-go/bililive-go/src/listeners/listener.go:111.3,112.36 2 1
github.com/bililive-go/bililive-go/src/listeners/listener.go:114.2,114.21 1 1
github.com/bililive-go/bililive-go/src/listeners/listener.go:114.21,117.3 2 1
github.com/bililive-go/bililive-go/src/listeners/listener.go:119.2,119.23 1 1
github.com/bililive-go/bililive-go/src/listeners/listener.go:119.23,122.17 3 0
github.com/bililive-go/bililive-go/src/listeners/listener.go:122.17,128.4 1 0
github.com/bililive-go/bililive-go/src/listeners/listener.go:132.26,141.6 3 0
github.com/bililive-go/bililive-go/src/listeners/listener.go:141.6,142.10 1 0
github.com/bililive-go/bililive-go/src/listeners/listener.go:143.17,144.10 1 0
github.com/bililive-go/bililive-go/src/listeners/listener.go:145.19,146.15 1 0
github.com/bililive-go/bililive-go/src/listeners/manager.go:17.46,23.2 3 1
github.com/bililive-go/bililive-go/src/listeners/manager.go:38.79,39.98 1 1
github.com/bililive-go/bililive-go/src/listeners/manager.go:39.98,44.30 5 0
github.com/bililive-go/bililive-go/src/listeners/manager.go:44.30,46.4 1 0
github.com/bililive-go/bililive-go/src/listeners/manager.go:47.3,52.17 5 0
github.com/bililive-go/bililive-go/src/listeners/manager.go:52.17,56.14 2 0
github.com/bililive-go/bililive-go/src/listeners/manager.go:58.3,59.23 2 0
github.com/bililive-go/bililive-go/src/listeners/manager.go:59.23,60.73 1 0
github.com/bililive-go/bililive-go/src/listeners/manager.go:60.73,64.5 1 0
github.com/bililive-go/bililive-go/src/listeners/manager.go:69.52,71.51 2 1
github.com/bililive-go/bililive-go/src/listeners/manager.go:71.51,73.3 1 1
github.com/bililive-go/bililive-go/src/listeners/manager.go:74.2,75.12 2 1
github.com/bililive-go/bililive-go/src/listeners/manager.go:78.46,81.37 3 1
github.com/bililive-go/bililive-go/src/listeners/manager.go:81.37,84.3 2 1
github.com/bililive-go/bililive-go/src/listeners/manager.go:85.2,86.23 2 1
github.com/bililive-go/bililive-go/src/listeners/manager.go:89.74,93.45 3 1
github.com/bililive-go/bililive-go/src/listeners/manager.go:93.45,95.3 1 1
github.com/bililive-go/bililive-go/src/listeners/manager.go:96.2,98.25 3 1
github.com/bililive-go/bililive-go/src/listeners/manager.go:101.82,105.9 4 1
github.com/bililive-go/bililive-go/src/listeners/manager.go:105.9,107.3 1 1
github.com/bililive-go/bililive-go/src/listeners/manager.go:108.2,110.12 3 1
github.com/bililive-go/bililive-go/src/listeners/manager.go:113.100,118.9 5 0
github.com/bililive-go/bililive-go/src/listeners/manager.go:118.9,120.3 1 0
github.com/bililive-go/bililive-go/src/listeners/manager.go:121.2,123.38 3 0
github.com/bililive-go/bililive-go/src/listeners/manager.go:123.38,125.3 1 0
github.com/bililive-go/bililive-go/src/listeners/manager.go:125.8,128.3 2 0
github.com/bililive-go/bililive-go/src/listeners/manager.go:129.2,129.28 1 0
github.com/bililive-go/bililive-go/src/listeners/manager.go:132.91,136.9 4 1
github.com/bililive-go/bililive-go/src/listeners/manager.go:136.9,138.3 1 1
github.com/bililive-go/bililive-go/src/listeners/manager.go:139.2,139.22 1 1
github.com/bililive-go/bililive-go/src/listeners/manager.go:142.78,147.2 4 1
github.com/bililive-go/bililive-go/src/listeners/status.go:16.51,17.38 1 1
github.com/bililive-go/bililive-go/src/listeners/status.go:17.38,19.3 1 1
github.com/bililive-go/bililive-go/src/listeners/status.go:20.2,20.38 1 1
github.com/bililive-go/bililive-go/src/listeners/status.go:20.38,22.3 1 1
github.com/bililive-go/bililive-go/src/listeners/status.go:23.2,23.68 1 1
github.com/bililive-go/bililive-go/src/listeners/status.go:23.68,25.3 1 1
github.com/bililive-go/bililive-go/src/listeners/status.go:26.2,26.12 1 1
github.com/bililive-go/bililive-go/src/live/cc/cc.go:24.13,26.2 1 0
github.com/bililive-go/bililive-go/src/live/cc/cc.go:30.58,34.2 1 0
github.com/bililive-go/bililive-go/src/live/cc/cc.go:40.49,42.16 2 0
github.com/bililive-go/bililive-go/src/live/cc/cc.go:42.16,44.3 1 0
github.com/bililive-go/bililive-go/src/live/cc/cc.go:45.2,46.16 2 0
github.com/bililive-go/bililive-go/src/live/cc/cc.go:46.16,48.3 1 0
github.com/bililive-go/bililive-go/src/live/cc/cc.go:49.2,49.38 1 0
github.com/bililive-go/bililive-go/src/live/cc/cc.go:49.38,51.3 1 0
github.com/bililive-go/bililive-go/src/live/cc/cc.go:52.2,53.16 2 0
github.com/bililive-go/bililive-go/src/live/cc/cc.go:53.16,55.3 1 0
github.com/bililive-go/bililive-go/src/live/cc/cc.go:56.2,57.21 2 0
github.com/bililive-go/bililive-go/src/live/cc/cc.go:60.42,62.16 2 0
github.com/bililive-go/bililive-go/src/live/cc/cc.go:62.16,64.3 1 0
github.com/bililive-go/bililive-go/src/live/cc/cc.go:65.2,65.81 1 0
github.com/bililive-go/bililive-go/src/live/cc/cc.go:68.55,70.16 2 0
github.com/bililive-go/bililive-go/src/live/cc/cc.go:70.16,72.3 1 0
github.com/bililive-go/bililive-go/src/live/cc/cc.go:73.2,78.38 2 0
github.com/bililive-go/bililive-go/src/live/cc/cc.go:78.38,80.3 1 0
github.com/bililive-go/bililive-go/src/live/cc/cc.go:82.2,88.18 2 0
github.com/bililive-go/bililive-go/src/live/cc/cc.go:91.59,93.16 2 0
github.com/bililive-go/bililive-go/src/live/cc/cc.go:93.16,95.3 1 0
github.com/bililive-go/bililive-go/src/live/cc/cc.go:96.2,97.16 2 0
github.com/bililive-go/bililive-go/src/live/cc/cc.go:97.16,99.3 1 0
github.com/bililive-go/bililive-go/src/live/cc/cc.go:100.2,101.16 2 0
github.com/bililive-go/bililive-go/src/live/cc/cc.go:101.16,103.3 1 0
github.com/bililive-go/bililive-go/src/live/cc/cc.go:104.2,104.38 1 0
github.com/bililive-go/bililive-go/src/live/cc/cc.go:104.38,106.3 1 0
github.com/bililive-go/bililive-go/src/live/cc/cc.go:107.2,110.3 1 0
github.com/bililive-go/bililive-go/src/live/cc/cc.go:113.43,115.2 1 0
github.com/bililive-go/bililive-go/src/live/custom/custom.go:16.13,18.2 1 0
github.com/bililive-go/bililive-go/src/live/custom/custom.go:22.58,26.2 1 0
github.com/bililive-go/bililive-go/src/live/custom/custom.go:32.55,38.21 4 0
github.com/bililive-go/bililive-go/src/live/custom/custom.go:38.21,40.3 1 0
github.com/bililive-go/bililive-go/src/live/custom/custom.go:43.2,43.24 1 0
github.com/bililive-go/bililive-go/src/live/custom/custom.go:43.24,44.51 1 0
github.com/bililive-go/bililive-go/src/live/custom/custom.go:44.51,46.4 1 0
github.com/bililive-go/bililive-go/src/live/custom/custom.go:46.9,48.4 1 0
github.com/bililive-go/bililive-go/src/live/custom/custom.go:51.2,60.18 4 0
github.com/bililive-go/bililive-go/src/live/custom/custom.go:63.59,68.21 3 0
github.com/bililive-go/bililive-go/src/live/custom/custom.go:68.21,70.3 1 0
github.com/bililive-go/bililive-go/src/live/custom/custom.go:73.2,73.33 1 0
github.com/bililive-go/bililive-go/src/live/custom/custom.go:76.64,78.16 2 0
github.com/bililive-go/bililive-go/src/live/custom/custom.go:78.16,80.3 1 0
github.com/bililive-go/bililive-go/src/live/custom/custom.go:83.2,85.24 3 0
github.com/bililive-go/bililive-go/src/live/custom/custom.go:85.24,86.51 1 0
github.com/bililive-go/bililive-go/src/live/custom/custom.go:86.51,88.4 1 0
github.com/bililive-go/bililive-go/src/live/custom/custom.go:88.9,90.4 1 0
github.com/bililive-go/bililive-go/src/live/custom/custom.go:93.2,94.25 2 0
github.com/bililive-go/bililive-go/src/live/custom/custom.go:94.25,100.3 1 0
github.com/bililive-go/bililive-go/src/live/custom/custom.go:101.2,101.25 1 0
github.com/bililive-go/bililive-go/src/live/custom/custom.go:104.43,109.24 3 0
github.com/bililive-go/bililive-go/src/live/custom/custom.go:109.24,111.3 1 0
github.com/bililive-go/bililive-go/src/live/custom/custom.go:113.2,113.50 1 0
github.com/bililive-go/bililive-go/src/live/custom/custom.go:113.50,115.3 1 0
github.com/bililive-go/bililive-go/src/live/custom/custom.go:117.2,117.15 1 0
github.com/bililive-go/bililive-go/src/live/douyin/douyin.go:34.13,37.2 2 0
github.com/bililive-go/bililive-go/src/live/douyin/douyin.go:41.58,47.2 3 0
github.com/bililive-go/bililive-go/src/live/douyin/douyin.go:62.66,63.15 1 0
github.com/bililive-go/bililive-go/src/live/douyin/douyin.go:63.15,64.34 1 0
github.com/bililive-go/bililive-go/src/live/douyin/douyin.go:64.34,67.18 3 0
github.com/bililive-go/bililive-go/src/live/douyin/douyin.go:67.18,69.5 1 0
github.com/bililive-go/bililive-go/src/live/douyin/douyin.go:73.2,76.30 3 0
github.com/bililive-go/bililive-go/src/live/douyin/douyin.go:76.30,79.29 2 0
github.com/bililive-go/bililive-go/src/live/douyin/douyin.go:79.29,82.41 2 0
github.com/bililive-go/bililive-go/src/live/douyin/douyin.go:82.41,84.5 1 0
github.com/bililive-go/bililive-go/src/live/douyin/douyin.go:85.4,86.40 2 0
github.com/bililive-go/bililive-go/src/live/douyin/douyin.go:90.2,92.16 3 0
github.com/bililive-go/bililive-go/src/live/douyin/douyin.go:92.16,94.3 1 0
github.com/bililive-go/bililive-go/src/live/douyin/douyin.go:96.2,96.38 1 0
github.com/bililive-go/bililive-go/src/live/douyin/douyin.go:96.38,99.3 2 0
github.com/bililive-go/bililive-go/src/live/douyin/douyin.go:101.2,102.16 2 0
github.com/bililive-go/bililive-go/src/live/douyin/douyin.go:102.16,104.3 1 0
github.com/bililive-go/bililive-go/src/live/douyin/douyin.go:106.2,106.30 1 0
github.com/bililive-go/bililive-go/src/live/douyin/douyin.go:110.57,114.16 3 0
github.com/bililive-go/bililive-go/src/live/douyin/douyin.go:114.16,116.3 1 0
github.com/bililive-go/bililive-go/src/live/douyin/douyin.go:117.2,118.41 2 0
github.com/bililive-go/bililive-go/src/live/douyin/douyin.go:122.52,130.50 2 0
github.com/bililive-go/bililive-go/src/live/douyin/douyin.go:130.50,132.3 1 0
github.com/bililive-go/bililive-go/src/live/douyin/douyin.go:133.2,133.16 1 0
github.com/bililive-go/bililive-go/src/live/douyin/douyin.go:137.66,146.16 5 0
github.com/bililive-go/bililive-go/src/live/douyin/douyin.go:146.16,148.3 1 0
github.com/bililive-go/bililive-go/src/live/douyin/douyin.go:149.2,150.21 2 0
github.com/bililive-go/bililive-go/src/live/douyin/douyin.go:150.21,152.3 1 0
github.com/bililive-go/bililive-go/src/live/douyin/douyin.go:152.8,156.17 3 0
github.com/bililive-go/bililive-go/src/live/douyin/douyin.go:156.17,158.4 1 0
github.com/bililive-go/bililive-go/src/live/douyin/douyin.go:159.3,160.22 2 0
github.com/bililive-go/bililive-go/src/live/douyin/douyin.go:160.22,163.4 2 0
github.com/bililive-go/bililive-go/src/live/douyin/douyin.go:164.3,164.22 1 0
github.com/bililive-go/bililive-go/src/live/douyin/douyin.go:168.2,174.29 5 0
github.com/bililive-go/bililive-go/src/live/douyin/douyin.go:174.29,177.3 2 0
github.com/bililive-go/bililive-go/src/live/douyin/douyin.go:179.2,184.30 4 0
github.com/bililive-go/bililive-go/src/live/douyin/douyin.go:184.30,187.3 2 0
github.com/bililive-go/bililive-go/src/live/douyin/douyin.go:188.2,195.68 4 0
github.com/bililive-go/bililive-go/src/live/douyin/douyin.go:195.68,198.3 2 0
github.com/bililive-go/bililive-go/src/live/douyin/douyin.go:200.2,201.9 2 0
github.com/bililive-go/bililive-go/src/live/douyin/douyin.go:201.9,204.3 2 0
github.com/bililive-go/bililive-go/src/live/douyin/douyin.go:206.2,207.9 2 0
github.com/bililive-go/bililive-go/src/live/douyin/douyin.go:207.9,210.3 2 0
github.com/bililive-go/bililive-go/src/live/douyin/douyin.go:213.2,217.17 4 0
github.com/bililive-go/bililive-go/src/live/douyin/douyin.go:217.17,219.3 1 0
github.com/bililive-go/bililive-go/src/live/douyin/douyin.go:221.2,228.18 2 0
github.com/bililive-go/bililive-go/src/live/douyin/douyin.go:228.18,230.3 1 0
github.com/bililive-go/bililive-go/src/live/douyin/douyin.go:231.2,235.9 3 0
github.com/bililive-go/bililive-go/src/live/douyin/douyin.go:235.9,238.3 2 0
github.com/bililive-go/bililive-go/src/live/douyin/douyin.go:241.2,246.27 4 0
github.com/bililive-go/bililive-go/src/live/douyin/douyin.go:246.27,251.78 4 0
github.com/bililive-go/bililive-go/src/live/douyin/douyin.go:251.78,253.4 1 0
github.com/bililive-go/bililive-go/src/live/douyin/douyin.go:257.2,257.26 1 0
github.com/bililive-go/bililive-go/src/live/douyin/douyin.go:257.26,261.29 3 0
github.com/bililive-go/bililive-go/src/live/douyin/douyin.go:261.29,263.56 2 0
github.com/bililive-go/bililive-go/src/live/douyin/douyin.go:263.56,265.5 1 0
github.com/bililive-go/bililive-go/src/live/douyin/douyin.go:265.10,265.37 1 0
github.com/bililive-go/bililive-go/src/live/douyin/douyin.go:265.37,267.5 1 0
github.com/bililive-go/bililive-go/src/live/douyin/douyin.go:269.4,269.22 1 0
github.com/bililive-go/bililive-go/src/live/douyin/douyin.go:269.22,276.80 6 0
github.com/bililive-go/bililive-go/src/live/douyin/douyin.go:276.80,277.69 1 0
github.com/bililive-go/bililive-go/src/live/douyin/douyin.go:277.69,278.68 1 0
github.com/bililive-go/bililive-go/src/live/douyin/douyin.go:278.68,279.67 1 0
github.com/bililive-go/bililive-go/src/live/douyin/douyin.go:279.67,281.9 1 0
github.com/bililive-go/bililive-go/src/live/douyin/douyin.go:288.2,288.8 1 0
github.com/bililive-go/bililive-go/src/live/douyin/douyin.go:291.120,296.82 2 0
github.com/bililive-go/bililive-go/src/live/douyin/douyin.go:296.82,301.27 3 0
github.com/bililive-go/bililive-go/src/live/douyin/douyin.go:301.27,302.58 1 0
github.com/bililive-go/bililive-go/src/live/douyin/douyin.go:302.58,305.82 2 0
github.com/bililive-go/bililive-go/src/live/douyin/douyin.go:305.82,306.56 1 0
github.com/bililive-go/bililive-go/src/live/douyin/douyin.go:306.56,308.7 1 0
github.com/bililive-go/bililive-go/src/live/douyin/douyin.go:310.5,311.50 2 0
github.com/bililive-go/bililive-go/src/live/douyin/douyin.go:316.3,316.43 1 0
github.com/bililive-go/bililive-go/src/live/douyin/douyin.go:316.43,317.44 1 0
github.com/bililive-go/bililive-go/src/live/douyin/douyin.go:317.44,320.5 2 0
github.com/bililive-go/bililive-go/src/live/douyin/douyin.go:324.3,324.24 1 0
github.com/bililive-go/bililive-go/src/live/douyin/douyin.go:324.24,325.24 1 0
github.com/bililive-go/bililive-go/src/live/douyin/douyin.go:325.24,328.5 2 0
github.com/bililive-go/bililive-go/src/live/douyin/douyin.go:332.3,332.34 1 0
github.com/bililive-go/bililive-go/src/live/douyin/douyin.go:332.34,334.18 2 0
github.com/bililive-go/bililive-go/src/live/douyin/douyin.go:334.18,335.13 1 0
github.com/bililive-go/bililive-go/src/live/douyin/douyin.go:337.4,344.6 2 0
github.com/bililive-go/bililive-go/src/live/douyin/douyin.go:349.2,349.89 1 0
github.com/bililive-go/bililive-go/src/live/douyin/douyin.go:349.89,354.27 3 0
github.com/bililive-go/bililive-go/src/live/douyin/douyin.go:354.27,355.58 1 0
github.com/bililive-go/bililive-go/src/live/douyin/douyin.go:355.58,358.82 2 0
github.com/bililive-go/bililive-go/src/live/douyin/douyin.go:358.82,359.56 1 0
github.com/bililive-go/bililive-go/src/live/douyin/douyin.go:359.56,361.7 1 0
github.com/bililive-go/bililive-go/src/live/douyin/douyin.go:363.5,364.50 2 0
github.com/bililive-go/bililive-go/src/live/douyin/douyin.go:369.3,369.46 1 0
github.com/bililive-go/bililive-go/src/live/douyin/douyin.go:369.46,370.44 1 0
github.com/bililive-go/bililive-go/src/live/douyin/douyin.go:370.44,373.5 2 0
github.com/bililive-go/bililive-go/src/live/douyin/douyin.go:377.3,377.24 1 0
github.com/bililive-go/bililive-go/src/live/douyin/douyin.go:377.24,378.24 1 0
github.com/bililive-go/bililive-go/src/live/douyin/douyin.go:378.24,381.5 2 0
github.com/bililive-go/bililive-go/src/live/douyin/douyin.go:385.3,385.34 1 0
github.com/bililive-go/bililive-go/src/live/douyin/douyin.go:385.34,387.18 2 0
github.com/bililive-go/bililive-go/src/live/douyin/douyin.go:387.18,388.13 1 0
github.com/bililive-go/bililive-go/src/live/douyin/douyin.go:390.4,397.6 2 0
github.com/bililive-go/bililive-go/src/live/douyin/douyin.go:402.2,402.49 1 0
github.com/bililive-go/bililive-go/src/live/douyin/douyin.go:402.49,403.67 1 0
github.com/bililive-go/bililive-go/src/live/douyin/douyin.go:403.67,405.4 1 0
github.com/bililive-go/bililive-go/src/live/douyin/douyin.go:405.9,407.4 1 0
github.com/bililive-go/bililive-go/src/live/douyin/douyin.go:412.2,412.28 1 0
github.com/bililive-go/bililive-go/src/live/douyin/douyin.go:415.55,418.32 3 0
github.com/bililive-go/bililive-go/src/live/douyin/douyin.go:418.32,420.63 2 0
github.com/bililive-go/bililive-go/src/live/douyin/douyin.go:420.63,425.4 2 0
github.com/bililive-go/bililive-go/src/live/douyin/douyin.go:427.2,428.62 2 0
github.com/bililive-go/bililive-go/src/live/douyin/douyin.go:428.62,433.3 1 0
github.com/bililive-go/bililive-go/src/live/douyin/douyin.go:433.8,437.3 3 0
github.com/bililive-go/bililive-go/src/live/douyin/douyin.go:439.2,439.8 1 0
github.com/bililive-go/bililive-go/src/live/douyin/douyin.go:443.59,445.52 2 0
github.com/bililive-go/bililive-go/src/live/douyin/douyin.go:445.52,448.3 2 0
github.com/bililive-go/bililive-go/src/live/douyin/douyin.go:449.2,451.16 2 0
github.com/bililive-go/bililive-go/src/live/douyin/douyin.go:451.16,453.3 1 0
github.com/bililive-go/bililive-go/src/live/douyin/douyin.go:455.2,458.29 2 0
github.com/bililive-go/bililive-go/src/live/douyin/douyin.go:458.29,462.51 2 0
github.com/bililive-go/bililive-go/src/live/douyin/douyin.go:462.51,464.4 1 0
github.com/bililive-go/bililive-go/src/live/douyin/douyin.go:464.9,467.29 2 0
github.com/bililive-go/bililive-go/src/live/douyin/douyin.go:467.29,469.5 1 0
github.com/bililive-go/bililive-go/src/live/douyin/douyin.go:470.4,470.46 1 0
github.com/bililive-go/bililive-go/src/live/douyin/douyin.go:470.46,473.5 2 0
github.com/bililive-go/bililive-go/src/live/douyin/douyin.go:477.2,477.81 1 0
github.com/bililive-go/bililive-go/src/live/douyin/douyin.go:480.43,482.2 1 0
github.com/bililive-go/bililive-go/src/live/douyin/douyin_app.go:20.66,24.30 3 0
github.com/bililive-go/bililive-go/src/live/douyin/douyin_app.go:24.30,27.29 2 0
github.com/bililive-go/bililive-go/src/live/douyin/douyin_app.go:27.29,30.41 2 0
github.com/bililive-go/bililive-go/src/live/douyin/douyin_app.go:30.41,32.5 1 0
github.com/bililive-go/bililive-go/src/live/douyin/douyin_app.go:33.4,34.40 2 0
github.com/bililive-go/bililive-go/src/live/douyin/douyin_app.go:38.2,41.84 4 0
github.com/bililive-go/bililive-go/src/live/douyin/douyin_app.go:41.84,61.17 7 0
github.com/bililive-go/bililive-go/src/live/douyin/douyin_app.go:61.17,63.4 1 0
github.com/bililive-go/bililive-go/src/live/douyin/douyin_app.go:65.3,65.39 1 0
github.com/bililive-go/bililive-go/src/live/douyin/douyin_app.go:65.39,69.4 2 0
github.com/bililive-go/bililive-go/src/live/douyin/douyin_app.go:71.3,73.17 3 0
github.com/bililive-go/bililive-go/src/live/douyin/douyin_app.go:73.17,75.4 1 0
github.com/bililive-go/bililive-go/src/live/douyin/douyin_app.go:77.3,80.47 3 0
github.com/bililive-go/bililive-go/src/live/douyin/douyin_app.go:81.8,84.17 3 0
github.com/bililive-go/bililive-go/src/live/douyin/douyin_app.go:84.17,86.18 2 0
github.com/bililive-go/bililive-go/src/live/douyin/douyin_app.go:86.18,88.5 1 0
github.com/bililive-go/bililive-go/src/live/douyin/douyin_app.go:90.4,92.11 3 0
github.com/bililive-go/bililive-go/src/live/douyin/douyin_app.go:92.11,95.5 2 0
github.com/bililive-go/bililive-go/src/live/douyin/douyin_app.go:97.4,98.11 2 0
github.com/bililive-go/bililive-go/src/live/douyin/douyin_app.go:98.11,101.5 2 0
github.com/bililive-go/bililive-go/src/live/douyin/douyin_app.go:102.9,102.47 1 0
github.com/bililive-go/bililive-go/src/live/douyin/douyin_app.go:102.47,105.18 3 0
github.com/bililive-go/bililive-go/src/live/douyin/douyin_app.go:105.18,107.5 1 0
github.com/bililive-go/bililive-go/src/live/douyin/douyin_app.go:109.4,109.21 1 0
github.com/bililive-go/bililive-go/src/live/douyin/douyin_app.go:109.21,112.5 2 0
github.com/bililive-go/bililive-go/src/live/douyin/douyin_app.go:113.4,113.10 1 0
github.com/bililive-go/bililive-go/src/live/douyin/douyin_app.go:114.9,116.4 1 0
github.com/bililive-go/bililive-go/src/live/douyin/douyin_app.go:119.2,121.72 3 0
github.com/bililive-go/bililive-go/src/live/douyin/douyin_app.go:121.72,123.3 1 0
github.com/bililive-go/bililive-go/src/live/douyin/douyin_app.go:125.2,133.17 2 0
github.com/bililive-go/bililive-go/src/live/douyin/douyin_app.go:133.17,135.10 2 0
github.com/bililive-go/bililive-go/src/live/douyin/douyin_app.go:135.10,138.4 2 0
github.com/bililive-go/bililive-go/src/live/douyin/douyin_app.go:141.3,143.29 3 0
github.com/bililive-go/bililive-go/src/live/douyin/douyin_app.go:143.29,145.26 2 0
github.com/bililive-go/bililive-go/src/live/douyin/douyin_app.go:145.26,146.33 1 0
github.com/bililive-go/bililive-go/src/live/douyin/douyin_app.go:146.33,147.50 1 0
github.com/bililive-go/bililive-go/src/live/douyin/douyin_app.go:147.50,149.12 2 0
github.com/bililive-go/bililive-go/src/live/douyin/douyin_app.go:152.10,152.82 1 0
github.com/bililive-go/bililive-go/src/live/douyin/douyin_app.go:152.82,154.5 1 0
github.com/bililive-go/bililive-go/src/live/douyin/douyin_app.go:155.4,162.69 2 0
github.com/bililive-go/bililive-go/src/live/douyin/douyin_app.go:162.69,163.77 1 0
github.com/bililive-go/bililive-go/src/live/douyin/douyin_app.go:163.77,185.6 3 0
github.com/bililive-go/bililive-go/src/live/douyin/douyin_app.go:189.2,189.8 1 0
github.com/bililive-go/bililive-go/src/live/douyin/douyin_app.go:193.39,196.16 3 0
github.com/bililive-go/bililive-go/src/live/douyin/douyin_app.go:196.16,198.3 1 0
github.com/bililive-go/bililive-go/src/live/douyin/douyin_app.go:200.2,200.38 1 0
github.com/bililive-go/bililive-go/src/live/douyin/douyin_app.go:200.38,203.3 2 0
github.com/bililive-go/bililive-go/src/live/douyin/douyin_app.go:205.2,207.46 3 0
github.com/bililive-go/bililive-go/src/live/douyin/douyin_app.go:207.46,210.22 3 0
github.com/bililive-go/bililive-go/src/live/douyin/douyin_app.go:210.22,215.4 4 0
github.com/bililive-go/bililive-go/src/live/douyin/douyin_app.go:216.3,216.69 1 0
github.com/bililive-go/bililive-go/src/live/douyin/douyin_app.go:218.2,218.34 1 0
github.com/bililive-go/bililive-go/src/live/douyin/douyin_app.go:222.33,234.16 4 0
github.com/bililive-go/bililive-go/src/live/douyin/douyin_app.go:234.16,236.3 1 0
github.com/bililive-go/bililive-go/src/live/douyin/douyin_app.go:238.2,239.16 2 0
github.com/bililive-go/bililive-go/src/live/douyin/douyin_app.go:239.16,241.3 1 0
github.com/bililive-go/bililive-go/src/live/douyin/douyin_app.go:242.2,247.66 2 0
github.com/bililive-go/bililive-go/src/live/douyin/douyin_app.go:247.66,249.3 1 0
github.com/bililive-go/bililive-go/src/live/douyin/douyin_app.go:250.2,251.61 2 0
github.com/bililive-go/bililive-go/src/live/douyin/douyin_app.go:251.61,253.3 1 0
github.com/bililive-go/bililive-go/src/live/douyin/douyin_app.go:254.2,254.18 1 0
github.com/bililive-go/bililive-go/src/live/douyin/douyin_app.go:257.76,260.16 3 0
github.com/bililive-go/bililive-go/src/live/douyin/douyin_app.go:260.16,262.3 1 0
github.com/bililive-go/bililive-go/src/live/douyin/douyin_app.go:264.2,266.46 3 0
github.com/bililive-go/bililive-go/src/live/douyin/douyin_app.go:266.46,268.3 1 0
github.com/bililive-go/bililive-go/src/live/douyin/douyin_app.go:269.2,275.16 6 0
github.com/bililive-go/bililive-go/src/live/douyin/douyin_app.go:275.16,277.3 1 0
github.com/bililive-go/bililive-go/src/live/douyin/douyin_app.go:279.2,280.16 2 0
github.com/bililive-go/bililive-go/src/live/douyin/douyin_app.go:280.16,282.3 1 0
github.com/bililive-go/bililive-go/src/live/douyin/douyin_app.go:285.2,287.22 3 0
github.com/bililive-go/bililive-go/src/live/douyin/douyin_app.go:287.22,289.3 1 0
github.com/bililive-go/bililive-go/src/live/douyin/douyin_app.go:289.8,291.3 1 0
github.com/bililive-go/bililive-go/src/live/douyin/douyin_app.go:294.119,298.17 2 0
github.com/bililive-go/bililive-go/src/live/douyin/douyin_app.go:298.17,300.3 1 0
github.com/bililive-go/bililive-go/src/live/douyin/douyin_app.go:301.2,307.16 2 0
github.com/bililive-go/bililive-go/src/live/douyin/douyin_app.go:307.16,309.3 1 0
github.com/bililive-go/bililive-go/src/live/douyin/douyin_app.go:311.2,312.16 2 0
github.com/bililive-go/bililive-go/src/live/douyin/douyin_app.go:312.16,314.3 1 0
github.com/bililive-go/bililive-go/src/live/douyin/douyin_app.go:316.2,316.8 1 0
github.com/bililive-go/bililive-go/src/live/douyin/douyin_bgo.go:32.37,38.2 1 0
github.com/bililive-go/bililive-go/src/live/douyin/douyin_bgo.go:47.47,49.2 1 0
github.com/bililive-go/bililive-go/src/live/douyin/douyin_bgo.go:51.47,53.2 1 0
github.com/bililive-go/bililive-go/src/live/douyin/douyin_bgo.go:55.73,59.44 4 0
github.com/bililive-go/bililive-go/src/live/douyin/douyin_bgo.go:59.44,61.3 1 0
github.com/bililive-go/bililive-go/src/live/douyin/douyin_bgo.go:62.2,62.31 1 0
github.com/bililive-go/bililive-go/src/live/douyin/douyin_bgo.go:62.31,64.3 1 0
github.com/bililive-go/bililive-go/src/live/douyin/douyin_bgo.go:67.2,81.16 3 0
github.com/bililive-go/bililive-go/src/live/douyin/douyin_bgo.go:81.16,83.3 1 0
github.com/bililive-go/bililive-go/src/live/douyin/douyin_bgo.go:84.2,87.16 4 0
github.com/bililive-go/bililive-go/src/live/douyin/douyin_bgo.go:87.16,89.3 1 0
github.com/bililive-go/bililive-go/src/live/douyin/douyin_bgo.go:90.2,90.39 1 0
github.com/bililive-go/bililive-go/src/live/douyin/douyin_bgo.go:91.21,92.41 1 0
github.com/bililive-go/bililive-go/src/live/douyin/douyin_bgo.go:92.41,94.4 1 0
github.com/bililive-go/bililive-go/src/live/douyin/douyin_bgo.go:95.10,97.9 2 0
github.com/bililive-go/bililive-go/src/live/douyin/douyin_bgo.go:99.2,100.8 2 0
github.com/bililive-go/bililive-go/src/live/douyin/douyin_bgo.go:103.67,105.16 2 0
github.com/bililive-go/bililive-go/src/live/douyin/douyin_bgo.go:105.16,107.3 1 0
github.com/bililive-go/bililive-go/src/live/douyin/douyin_bgo.go:108.2,109.18 2 0
github.com/bililive-go/bililive-go/src/live/douyin/douyin_bgo.go:109.18,112.3 2 0
github.com/bililive-go/bililive-go/src/live/douyin/douyin_bgo.go:113.2,113.29 1 0
github.com/bililive-go/bililive-go/src/live/douyin/douyin_bgo.go:113.29,114.20 1 0
github.com/bililive-go/bililive-go/src/live/douyin/douyin_bgo.go:114.20,116.12 1 0
github.com/bililive-go/bililive-go/src/live/douyin/douyin_bgo.go:118.3,122.25 3 0
github.com/bililive-go/bililive-go/src/live/douyin/douyin_bgo.go:122.25,124.12 1 0
github.com/bililive-go/bililive-go/src/live/douyin/douyin_bgo.go:127.3,128.25 2 0
github.com/bililive-go/bililive-go/src/live/douyin/douyin_bgo.go:128.25,130.12 1 0
github.com/bililive-go/bililive-go/src/live/douyin/douyin_bgo.go:133.3,133.72 1 0
github.com/bililive-go/bililive-go/src/live/douyin/douyin_bgo.go:133.72,136.4 2 0
github.com/bililive-go/bililive-go/src/live/douyin/douyin_bgo.go:138.2,138.50 1 0
github.com/bililive-go/bililive-go/src/live/douyin/douyin_bgo.go:141.118,145.16 4 0
github.com/bililive-go/bililive-go/src/live/douyin/douyin_bgo.go:145.16,148.3 2 0
github.com/bililive-go/bililive-go/src/live/douyin/douyin_bgo.go:150.2,157.18 3 0
github.com/bililive-go/bililive-go/src/live/douyin/douyin_bgo.go:157.18,159.3 1 0
github.com/bililive-go/bililive-go/src/live/douyin/douyin_bgo.go:160.2,165.20 4 0
github.com/bililive-go/bililive-go/src/live/douyin/douyin_bgo.go:165.20,168.3 2 0
github.com/bililive-go/bililive-go/src/live/douyin/douyin_bgo.go:169.2,173.16 4 0
github.com/bililive-go/bililive-go/src/live/douyin/douyin_bgo.go:173.16,175.3 1 0
github.com/bililive-go/bililive-go/src/live/douyin/douyin_bgo.go:176.2,177.19 2 0
github.com/bililive-go/bililive-go/src/live/douyin/douyin_bgo.go:177.19,180.3 2 0
github.com/bililive-go/bililive-go/src/live/douyin/douyin_bgo.go:181.2,183.30 2 0
github.com/bililive-go/bililive-go/src/live/douyin/douyin_bgo.go:183.30,184.20 1 0
github.com/bililive-go/bililive-go/src/live/douyin/douyin_bgo.go:184.20,187.4 2 0
github.com/bililive-go/bililive-go/src/live/douyin/douyin_bgo.go:188.3,189.27 2 0
github.com/bililive-go/bililive-go/src/live/douyin/douyin_bgo.go:189.27,192.4 2 0
github.com/bililive-go/bililive-go/src/live/douyin/douyin_bgo.go:193.3,193.41 1 0
github.com/bililive-go/bililive-go/src/live/douyin/douyin_bgo.go:193.41,194.12 1 0
github.com/bililive-go/bililive-go/src/live/douyin/douyin_bgo.go:196.3,197.27 2 0
github.com/bililive-go/bililive-go/src/live/douyin/douyin_bgo.go:197.27,200.4 2 0
github.com/bililive-go/bililive-go/src/live/douyin/douyin_bgo.go:201.3,201.33 1 0
github.com/bililive-go/bililive-go/src/live/douyin/douyin_bgo.go:201.33,202.12 1 0
github.com/bililive-go/bililive-go/src/live/douyin/douyin_bgo.go:205.3,205.69 1 0
github.com/bililive-go/bililive-go/src/live/douyin/douyin_bgo.go:205.69,209.18 4 0
github.com/bililive-go/bililive-go/src/live/douyin/douyin_bgo.go:209.18,211.5 1 0
github.com/bililive-go/bililive-go/src/live/douyin/douyin_bgo.go:212.4,215.58 4 0
github.com/bililive-go/bililive-go/src/live/douyin/douyin_bgo.go:215.58,221.5 5 0
github.com/bililive-go/bililive-go/src/live/douyin/douyin_bgo.go:222.4,224.28 3 0
github.com/bililive-go/bililive-go/src/live/douyin/douyin_bgo.go:224.28,226.19 2 0
github.com/bililive-go/bililive-go/src/live/douyin/douyin_bgo.go:226.19,228.6 1 0
github.com/bililive-go/bililive-go/src/live/douyin/douyin_bgo.go:229.5,230.19 2 0
github.com/bililive-go/bililive-go/src/live/douyin/douyin_bgo.go:230.19,232.6 1 0
github.com/bililive-go/bililive-go/src/live/douyin/douyin_bgo.go:233.5,233.23 1 0
github.com/bililive-go/bililive-go/src/live/douyin/douyin_bgo.go:235.4,243.15 3 0
github.com/bililive-go/bililive-go/src/live/douyin/douyin_bgo.go:246.2,246.49 1 0
github.com/bililive-go/bililive-go/src/live/douyin/douyin_bgo.go:246.49,247.67 1 0
github.com/bililive-go/bililive-go/src/live/douyin/douyin_bgo.go:247.67,249.4 1 0
github.com/bililive-go/bililive-go/src/live/douyin/douyin_bgo.go:249.9,251.4 1 0
github.com/bililive-go/bililive-go/src/live/douyin/douyin_bgo.go:254.2,254.8 1 0
github.com/bililive-go/bililive-go/src/live/douyin/douyin_bgo.go:257.58,260.16 3 0
github.com/bililive-go/bililive-go/src/live/douyin/douyin_bgo.go:260.16,263.3 2 0
github.com/bililive-go/bililive-go/src/live/douyin/douyin_bgo.go:265.2,267.16 3 0
github.com/bililive-go/bililive-go/src/live/douyin/douyin_bgo.go:267.16,270.3 2 0
github.com/bililive-go/bililive-go/src/live/douyin/douyin_bgo.go:273.2,274.31 2 0
github.com/bililive-go/bililive-go/src/live/douyin/douyin_bgo.go:277.62,278.22 1 0
github.com/bililive-go/bililive-go/src/live/douyin/douyin_bgo.go:278.22,279.43 1 0
github.com/bililive-go/bililive-go/src/live/douyin/douyin_bgo.go:279.43,281.58 2 0
github.com/bililive-go/bililive-go/src/live/douyin/douyin_bgo.go:281.58,283.5 1 0
github.com/bililive-go/bililive-go/src/live/douyin/douyin_bgo.go:284.4,284.10 1 0
github.com/bililive-go/bililive-go/src/live/douyin/douyin_bgo.go:286.3,286.58 1 0
github.com/bililive-go/bililive-go/src/live/douyin/douyin_bgo.go:287.8,289.3 1 0
github.com/bililive-go/bililive-go/src/live/douyin/douyin_bgo.go:294.65,296.18 2 0
github.com/bililive-go/bililive-go/src/live/douyin/douyin_bgo.go:296.18,298.3 1 0
github.com/bililive-go/bililive-go/src/live/douyin/douyin_bgo.go:299.2,299.20 1 0
github.com/bililive-go/bililive-go/src/live/douyin/douyin_bgo.go:302.69,305.16 3 0
github.com/bililive-go/bililive-go/src/live/douyin/douyin_bgo.go:305.16,308.3 2 0
github.com/bililive-go/bililive-go/src/live/douyin/douyin_bgo.go:309.2,310.16 2 0
github.com/bililive-go/bililive-go/src/live/douyin/douyin_bgo.go:310.16,312.3 1 0
github.com/bililive-go/bililive-go/src/live/douyin/douyin_bgo.go:313.2,314.88 2 0
github.com/bililive-go/bililive-go/src/live/douyin/douyin_bgo.go:314.88,317.3 2 0
github.com/bililive-go/bililive-go/src/live/douyin/douyin_bgo.go:318.2,319.25 2 0
github.com/bililive-go/bililive-go/src/live/douyin/douyin_bgo.go:319.25,321.19 2 0
github.com/bililive-go/bililive-go/src/live/douyin/douyin_bgo.go:321.19,323.4 1 0
github.com/bililive-go/bililive-go/src/live/douyin/douyin_bgo.go:325.2,325.31 1 0
github.com/bililive-go/bililive-go/src/live/douyin/douyin_bgo.go:328.74,330.16 2 0
github.com/bililive-go/bililive-go/src/live/douyin/douyin_bgo.go:330.16,332.3 1 0
github.com/bililive-go/bililive-go/src/live/douyin/douyin_bgo.go:334.2,337.31 4 0
github.com/bililive-go/bililive-go/src/live/douyin/douyin_bgo.go:337.31,339.3 1 0
github.com/bililive-go/bililive-go/src/live/douyin/douyin_bgo.go:340.2,340.44 1 0
github.com/bililive-go/bililive-go/src/live/douyin/douyin_bgo.go:340.44,342.3 1 0
github.com/bililive-go/bililive-go/src/live/douyin/douyin_bgo.go:343.2,351.16 3 0
github.com/bililive-go/bililive-go/src/live/douyin/douyin_bgo.go:351.16,353.3 1 0
github.com/bililive-go/bililive-go/src/live/douyin/douyin_bgo.go:354.2,354.39 1 0
github.com/bililive-go/bililive-go/src/live/douyin/douyin_bgo.go:355.21,355.21 0 0
github.com/bililive-go/bililive-go/src/live/douyin/douyin_bgo.go:356.27,357.35 1 0
github.com/bililive-go/bililive-go/src/live/douyin/douyin_bgo.go:358.10,359.90 1 0
github.com/bililive-go/bililive-go/src/live/douyin/douyin_bgo.go:362.2,363.16 2 0
github.com/bililive-go/bililive-go/src/live/douyin/douyin_bgo.go:363.16,365.3 1 0
github.com/bililive-go/bililive-go/src/live/douyin/douyin_bgo.go:366.2,367.21 2 0
github.com/bililive-go/bililive-go/src/live/douyin/douyin_bgo.go:370.76,372.16 2 0
github.com/bililive-go/bililive-go/src/live/douyin/douyin_bgo.go:372.16,374.3 1 0
github.com/bililive-go/bililive-go/src/live/douyin/douyin_bgo.go:375.2,377.17 3 0
github.com/bililive-go/bililive-go/src/live/douyin/douyin_bgo.go:377.17,379.3 1 0
github.com/bililive-go/bililive-go/src/live/douyin/douyin_bgo.go:380.2,382.25 3 0
github.com/bililive-go/bililive-go/src/live/douyin/douyin_bgo.go:382.25,384.3 1 0
github.com/bililive-go/bililive-go/src/live/douyin/douyin_bgo.go:384.8,386.29 2 0
github.com/bililive-go/bililive-go/src/live/douyin/douyin_bgo.go:386.29,388.4 1 0
github.com/bililive-go/bililive-go/src/live/douyin/douyin_bgo.go:389.3,389.37 1 0
github.com/bililive-go/bililive-go/src/live/douyin/douyin_bgo.go:391.2,397.8 2 0
github.com/bililive-go/bililive-go/src/live/hongdoufm/hongdoufm.go:28.13,31.2 2 0
github.com/bililive-go/bililive-go/src/live/hongdoufm/hongdoufm.go:35.58,39.2 1 0
github.com/bililive-go/bililive-go/src/live/hongdoufm/hongdoufm.go:55.46,56.43 1 0
github.com/bililive-go/bililive-go/src/live/hongdoufm/hongdoufm.go:56.43,59.46 2 0
github.com/bililive-go/bililive-go/src/live/hongdoufm/hongdoufm.go:59.46,63.18 4 0
github.com/bililive-go/bililive-go/src/live/hongdoufm/hongdoufm.go:63.18,65.5 1 0
github.com/bililive-go/bililive-go/src/live/hongdoufm/hongdoufm.go:66.4,67.34 2 0
github.com/bililive-go/bililive-go/src/live/hongdoufm/hongdoufm.go:68.9,71.4 2 0
github.com/bililive-go/bililive-go/src/live/hongdoufm/hongdoufm.go:72.8,75.21 2 0
github.com/bililive-go/bililive-go/src/live/hongdoufm/hongdoufm.go:75.21,77.4 1 0
github.com/bililive-go/bililive-go/src/live/hongdoufm/hongdoufm.go:78.3,81.17 3 0
github.com/bililive-go/bililive-go/src/live/hongdoufm/hongdoufm.go:81.17,84.4 1 0
github.com/bililive-go/bililive-go/src/live/hongdoufm/hongdoufm.go:84.9,86.4 1 0
github.com/bililive-go/bililive-go/src/live/hongdoufm/hongdoufm.go:89.2,90.16 2 0
github.com/bililive-go/bililive-go/src/live/hongdoufm/hongdoufm.go:90.16,92.3 1 0
github.com/bililive-go/bililive-go/src/live/hongdoufm/hongdoufm.go:93.2,93.38 1 0
github.com/bililive-go/bililive-go/src/live/hongdoufm/hongdoufm.go:93.38,95.3 1 0
github.com/bililive-go/bililive-go/src/live/hongdoufm/hongdoufm.go:96.2,97.63 2 0
github.com/bililive-go/bililive-go/src/live/hongdoufm/hongdoufm.go:97.63,99.3 1 0
github.com/bililive-go/bililive-go/src/live/hongdoufm/hongdoufm.go:100.2,100.18 1 0
github.com/bililive-go/bililive-go/src/live/hongdoufm/hongdoufm.go:103.55,105.16 2 0
github.com/bililive-go/bililive-go/src/live/hongdoufm/hongdoufm.go:105.16,107.3 1 0
github.com/bililive-go/bililive-go/src/live/hongdoufm/hongdoufm.go:108.2,115.18 2 0
github.com/bililive-go/bililive-go/src/live/hongdoufm/hongdoufm.go:118.59,120.16 2 0
github.com/bililive-go/bililive-go/src/live/hongdoufm/hongdoufm.go:120.16,122.3 1 0
github.com/bililive-go/bililive-go/src/live/hongdoufm/hongdoufm.go:123.2,123.69 1 0
github.com/bililive-go/bililive-go/src/live/hongdoufm/hongdoufm.go:126.43,128.2 1 0
github.com/bililive-go/bililive-go/src/live/hongdoufm/hongdoufm.go:135.49,137.16 2 0
github.com/bililive-go/bililive-go/src/live/hongdoufm/hongdoufm.go:137.16,139.3 1 0
github.com/bililive-go/bililive-go/src/live/hongdoufm/hongdoufm.go:140.2,141.16 2 0
github.com/bililive-go/bililive-go/src/live/hongdoufm/hongdoufm.go:141.16,143.3 1 0
github.com/bililive-go/bililive-go/src/live/hongdoufm/hongdoufm.go:144.2,147.51 4 0
github.com/bililive-go/bililive-go/src/live/hongdoufm/hongdoufm.go:150.54,154.2 3 0
github.com/bililive-go/bililive-go/src/live/hongdoufm/hongdoufm.go:157.41,161.2 3 0
github.com/bililive-go/bililive-go/src/live/douyu/douyu.go:39.13,41.2 1 0
github.com/bililive-go/bililive-go/src/live/douyu/douyu.go:45.58,49.2 1 0
github.com/bililive-go/bililive-go/src/live/douyu/douyu.go:98.64,100.48 2 0
github.com/bililive-go/bililive-go/src/live/douyu/douyu.go:100.48,102.3 1 0
github.com/bililive-go/bililive-go/src/live/douyu/douyu.go:103.2,103.26 1 0
github.com/bililive-go/bililive-go/src/live/douyu/douyu.go:106.31,117.30 3 0
github.com/bililive-go/bililive-go/src/live/douyu/douyu.go:117.30,119.53 2 0
github.com/bililive-go/bililive-go/src/live/douyu/douyu.go:119.53,120.12 1 0
github.com/bililive-go/bililive-go/src/live/douyu/douyu.go:122.3,123.17 2 0
github.com/bililive-go/bililive-go/src/live/douyu/douyu.go:123.17,124.12 1 0
github.com/bililive-go/bililive-go/src/live/douyu/douyu.go:126.3,127.9 2 0
github.com/bililive-go/bililive-go/src/live/douyu/douyu.go:129.2,129.68 1 0
github.com/bililive-go/bililive-go/src/live/douyu/douyu.go:132.60,133.21 1 0
github.com/bililive-go/bililive-go/src/live/douyu/douyu.go:133.21,135.3 1 0
github.com/bililive-go/bililive-go/src/live/douyu/douyu.go:136.2,137.49 2 0
github.com/bililive-go/bililive-go/src/live/douyu/douyu.go:137.49,139.3 1 0
github.com/bililive-go/bililive-go/src/live/douyu/douyu.go:140.2,140.20 1 0
github.com/bililive-go/bililive-go/src/live/douyu/douyu.go:148.36,149.20 1 0
github.com/bililive-go/bililive-go/src/live/douyu/douyu.go:149.20,151.3 1 0
github.com/bililive-go/bililive-go/src/live/douyu/douyu.go:152.2,154.16 3 0
github.com/bililive-go/bililive-go/src/live/douyu/douyu.go:154.16,156.3 1 0
github.com/bililive-go/bililive-go/src/live/douyu/douyu.go:157.2,157.38 1 0
github.com/bililive-go/bililive-go/src/live/douyu/douyu.go:157.38,159.3 1 0
github.com/bililive-go/bililive-go/src/live/douyu/douyu.go:160.2,161.16 2 0
github.com/bililive-go/bililive-go/src/live/douyu/douyu.go:161.16,163.3 1 0
github.com/bililive-go/bililive-go/src/live/douyu/douyu.go:164.2,164.38 1 0
github.com/bililive-go/bililive-go/src/live/douyu/douyu.go:164.38,165.56 1 0
github.com/bililive-go/bililive-go/src/live/douyu/douyu.go:165.56,168.4 2 0
github.com/bililive-go/bililive-go/src/live/douyu/douyu.go:170.2,170.67 1 0
github.com/bililive-go/bililive-go/src/live/douyu/douyu.go:170.67,173.3 2 0
github.com/bililive-go/bililive-go/src/live/douyu/douyu.go:174.2,174.112 1 0
github.com/bililive-go/bililive-go/src/live/douyu/douyu.go:174.112,177.3 2 0
github.com/bililive-go/bililive-go/src/live/douyu/douyu.go:178.2,180.18 3 0
github.com/bililive-go/bililive-go/src/live/douyu/douyu.go:180.18,182.3 1 0
github.com/bililive-go/bililive-go/src/live/douyu/douyu.go:183.2,184.35 2 0
github.com/bililive-go/bililive-go/src/live/douyu/douyu.go:184.35,186.3 1 0
github.com/bililive-go/bililive-go/src/live/douyu/douyu.go:187.2,187.33 1 0
github.com/bililive-go/bililive-go/src/live/douyu/douyu.go:190.55,191.40 1 0
github.com/bililive-go/bililive-go/src/live/douyu/douyu.go:191.40,192.39 1 0
github.com/bililive-go/bililive-go/src/live/douyu/douyu.go:192.39,194.4 1 0
github.com/bililive-go/bililive-go/src/live/douyu/douyu.go:194.9,194.46 1 0
github.com/bililive-go/bililive-go/src/live/douyu/douyu.go:194.46,201.4 1 0
github.com/bililive-go/bililive-go/src/live/douyu/douyu.go:201.9,203.4 1 0
github.com/bililive-go/bililive-go/src/live/douyu/douyu.go:206.2,207.16 2 0
github.com/bililive-go/bililive-go/src/live/douyu/douyu.go:207.16,209.3 1 0
github.com/bililive-go/bililive-go/src/live/douyu/douyu.go:210.2,210.38 1 0
github.com/bililive-go/bililive-go/src/live/douyu/douyu.go:210.38,212.3 1 0
github.com/bililive-go/bililive-go/src/live/douyu/douyu.go:213.2,214.16 2 0
github.com/bililive-go/bililive-go/src/live/douyu/douyu.go:214.16,216.3 1 0
github.com/bililive-go/bililive-go/src/live/douyu/douyu.go:217.2,224.18 2 0
github.com/bililive-go/bililive-go/src/live/douyu/douyu.go:227.59,229.16 2 0
github.com/bililive-go/bililive-go/src/live/douyu/douyu.go:229.16,231.3 1 0
github.com/bililive-go/bililive-go/src/live/douyu/douyu.go:232.2,232.38 1 0
github.com/bililive-go/bililive-go/src/live/douyu/douyu.go:232.38,234.3 1 0
github.com/bililive-go/bililive-go/src/live/douyu/douyu.go:235.2,236.16 2 0
github.com/bililive-go/bililive-go/src/live/douyu/douyu.go:236.16,238.3 1 0
github.com/bililive-go/bililive-go/src/live/douyu/douyu.go:240.2,258.16 5 0
github.com/bililive-go/bililive-go/src/live/douyu/douyu.go:258.16,260.3 1 0
github.com/bililive-go/bililive-go/src/live/douyu/douyu.go:261.2,262.16 2 0
github.com/bililive-go/bililive-go/src/live/douyu/douyu.go:262.16,264.3 1 0
github.com/bililive-go/bililive-go/src/live/douyu/douyu.go:265.2,266.16 2 0
github.com/bililive-go/bililive-go/src/live/douyu/douyu.go:266.16,268.3 1 0
github.com/bililive-go/bililive-go/src/live/douyu/douyu.go:270.2,272.16 3 0
github.com/bililive-go/bililive-go/src/live/douyu/douyu.go:272.16,274.3 1 0
github.com/bililive-go/bililive-go/src/live/douyu/douyu.go:275.2,275.46 1 0
github.com/bililive-go/bililive-go/src/live/douyu/douyu.go:275.46,277.3 1 0
github.com/bililive-go/bililive-go/src/live/douyu/douyu.go:278.2,278.46 1 0
github.com/bililive-go/bililive-go/src/live/douyu/douyu.go:278.46,280.3 1 0
github.com/bililive-go/bililive-go/src/live/douyu/douyu.go:281.2,281.48 1 0
github.com/bililive-go/bililive-go/src/live/douyu/douyu.go:281.48,283.3 1 0
github.com/bililive-go/bililive-go/src/live/douyu/douyu.go:284.2,287.16 4 0
github.com/bililive-go/bililive-go/src/live/douyu/douyu.go:287.16,289.3 1 0
github.com/bililive-go/bililive-go/src/live/douyu/douyu.go:290.2,297.16 3 0
github.com/bililive-go/bililive-go/src/live/douyu/douyu.go:297.16,299.3 1 0
github.com/bililive-go/bililive-go/src/live/douyu/douyu.go:300.2,300.61 1 0
github.com/bililive-go/bililive-go/src/live/douyu/douyu.go:300.61,301.18 1 0
github.com/bililive-go/bililive-go/src/live/douyu/douyu.go:301.18,302.12 1 0
github.com/bililive-go/bililive-go/src/live/douyu/douyu.go:304.3,305.28 2 0
github.com/bililive-go/bililive-go/src/live/douyu/douyu.go:307.2,307.20 1 0
github.com/bililive-go/bililive-go/src/live/douyu/douyu.go:310.59,311.40 1 0
github.com/bililive-go/bililive-go/src/live/douyu/douyu.go:311.40,313.3 1 0
github.com/bililive-go/bililive-go/src/live/douyu/douyu.go:314.2,315.16 2 0
github.com/bililive-go/bililive-go/src/live/douyu/douyu.go:315.16,317.3 1 0
github.com/bililive-go/bililive-go/src/live/douyu/douyu.go:318.2,325.16 2 0
github.com/bililive-go/bililive-go/src/live/douyu/douyu.go:325.16,327.3 1 0
github.com/bililive-go/bililive-go/src/live/douyu/douyu.go:328.2,328.38 1 0
github.com/bililive-go/bililive-go/src/live/douyu/douyu.go:328.38,330.3 1 0
github.com/bililive-go/bililive-go/src/live/douyu/douyu.go:331.2,332.16 2 0
github.com/bililive-go/bililive-go/src/live/douyu/douyu.go:332.16,334.3 1 0
github.com/bililive-go/bililive-go/src/live/douyu/douyu.go:335.2,335.68 1 0
github.com/bililive-go/bililive-go/src/live/douyu/douyu.go:335.68,337.3 1 0
github.com/bililive-go/bililive-go/src/live/douyu/douyu.go:338.2,343.3 1 0
github.com/bililive-go/bililive-go/src/live/douyu/douyu.go:346.43,348.2 1 0
github.com/bililive-go/bililive-go/src/live/huajiao/huajiao.go:24.13,26.2 1 0
github.com/bililive-go/bililive-go/src/live/huajiao/huajiao.go:30.58,34.2 1 0
github.com/bililive-go/bililive-go/src/live/huajiao/huajiao.go:41.41,42.17 1 0
github.com/bililive-go/bililive-go/src/live/huajiao/huajiao.go:42.17,44.3 1 0
github.com/bililive-go/bililive-go/src/live/huajiao/huajiao.go:46.2,47.93 2 0
github.com/bililive-go/bililive-go/src/live/huajiao/huajiao.go:47.94,49.3 0 0
github.com/bililive-go/bililive-go/src/live/huajiao/huajiao.go:49.8,49.104 1 0
github.com/bililive-go/bililive-go/src/live/huajiao/huajiao.go:49.104,51.17 2 0
github.com/bililive-go/bililive-go/src/live/huajiao/huajiao.go:51.17,53.4 1 0
github.com/bililive-go/bililive-go/src/live/huajiao/huajiao.go:54.3,54.39 1 0
github.com/bililive-go/bililive-go/src/live/huajiao/huajiao.go:54.39,56.4 1 0
github.com/bililive-go/bililive-go/src/live/huajiao/huajiao.go:57.3,58.17 2 0
github.com/bililive-go/bililive-go/src/live/huajiao/huajiao.go:58.17,60.4 1 0
github.com/bililive-go/bililive-go/src/live/huajiao/huajiao.go:61.3,61.70 1 0
github.com/bililive-go/bililive-go/src/live/huajiao/huajiao.go:67.2,67.29 1 0
github.com/bililive-go/bililive-go/src/live/huajiao/huajiao.go:67.29,70.3 2 0
github.com/bililive-go/bililive-go/src/live/huajiao/huajiao.go:70.8,72.3 1 0
github.com/bililive-go/bililive-go/src/live/huajiao/huajiao.go:75.56,77.16 2 0
github.com/bililive-go/bililive-go/src/live/huajiao/huajiao.go:77.16,79.3 1 0
github.com/bililive-go/bililive-go/src/live/huajiao/huajiao.go:80.2,80.38 1 0
github.com/bililive-go/bililive-go/src/live/huajiao/huajiao.go:80.38,82.3 1 0
github.com/bililive-go/bililive-go/src/live/huajiao/huajiao.go:83.2,84.16 2 0
github.com/bililive-go/bililive-go/src/live/huajiao/huajiao.go:84.16,86.3 1 0
github.com/bililive-go/bililive-go/src/live/huajiao/huajiao.go:87.2,87.62 1 0
github.com/bililive-go/bililive-go/src/live/huajiao/huajiao.go:87.62,89.3 1 0
github.com/bililive-go/bililive-go/src/live/huajiao/huajiao.go:90.2,90.60 1 0
github.com/bililive-go/bililive-go/src/live/huajiao/huajiao.go:93.65,95.16 2 0
github.com/bililive-go/bililive-go/src/live/huajiao/huajiao.go:95.16,97.3 1 0
github.com/bililive-go/bililive-go/src/live/huajiao/huajiao.go:98.2,99.16 2 0
github.com/bililive-go/bililive-go/src/live/huajiao/huajiao.go:99.16,101.3 1 0
github.com/bililive-go/bililive-go/src/live/huajiao/huajiao.go:102.2,102.73 1 0
github.com/bililive-go/bililive-go/src/live/huajiao/huajiao.go:105.55,107.16 2 0
github.com/bililive-go/bililive-go/src/live/huajiao/huajiao.go:107.16,109.3 1 0
github.com/bililive-go/bililive-go/src/live/huajiao/huajiao.go:111.2,119.16 3 0
github.com/bililive-go/bililive-go/src/live/huajiao/huajiao.go:119.16,121.3 1 0
github.com/bililive-go/bililive-go/src/live/huajiao/huajiao.go:122.2,125.16 3 0
github.com/bililive-go/bililive-go/src/live/huajiao/huajiao.go:125.16,127.3 1 0
github.com/bililive-go/bililive-go/src/live/huajiao/huajiao.go:128.2,128.21 1 0
github.com/bililive-go/bililive-go/src/live/huajiao/huajiao.go:128.21,130.3 1 0
github.com/bililive-go/bililive-go/src/live/huajiao/huajiao.go:132.2,134.18 3 0
github.com/bililive-go/bililive-go/src/live/huajiao/huajiao.go:137.59,139.16 2 0
github.com/bililive-go/bililive-go/src/live/huajiao/huajiao.go:139.16,141.3 1 0
github.com/bililive-go/bililive-go/src/live/huajiao/huajiao.go:142.2,143.16 2 0
github.com/bililive-go/bililive-go/src/live/huajiao/huajiao.go:143.16,145.3 1 0
github.com/bililive-go/bililive-go/src/live/huajiao/huajiao.go:146.2,146.21 1 0
github.com/bililive-go/bililive-go/src/live/huajiao/huajiao.go:146.21,148.3 1 0
github.com/bililive-go/bililive-go/src/live/huajiao/huajiao.go:149.2,159.16 3 0
github.com/bililive-go/bililive-go/src/live/huajiao/huajiao.go:159.16,161.3 1 0
github.com/bililive-go/bililive-go/src/live/huajiao/huajiao.go:162.2,163.16 2 0
github.com/bililive-go/bililive-go/src/live/huajiao/huajiao.go:163.16,165.3 1 0
github.com/bililive-go/bililive-go/src/live/huajiao/huajiao.go:166.2,166.62 1 0
github.com/bililive-go/bililive-go/src/live/huajiao/huajiao.go:166.62,168.3 1 0
github.com/bililive-go/bililive-go/src/live/huajiao/huajiao.go:170.2,170.66 1 0
github.com/bililive-go/bililive-go/src/live/huajiao/huajiao.go:173.43,175.2 1 0
github.com/bililive-go/bililive-go/src/live/huya/huya.go:19.13,21.2 1 0
github.com/bililive-go/bililive-go/src/live/huya/huya.go:25.58,29.2 1 0
github.com/bililive-go/bililive-go/src/live/huya/huya.go:51.59,53.16 2 0
github.com/bililive-go/bililive-go/src/live/huya/huya.go:53.16,55.3 1 0
github.com/bililive-go/bililive-go/src/live/huya/huya.go:56.2,56.38 1 0
github.com/bililive-go/bililive-go/src/live/huya/huya.go:56.38,59.3 2 0
github.com/bililive-go/bililive-go/src/live/huya/huya.go:60.2,61.8 2 0
github.com/bililive-go/bililive-go/src/live/huya/huya.go:64.55,66.16 2 0
github.com/bililive-go/bililive-go/src/live/huya/huya.go:66.16,68.3 1 0
github.com/bililive-go/bililive-go/src/live/huya/huya.go:70.2,70.109 1 0
github.com/bililive-go/bililive-go/src/live/huya/huya.go:70.109,72.3 1 0
github.com/bililive-go/bililive-go/src/live/huya/huya.go:74.2,74.71 1 0
github.com/bililive-go/bililive-go/src/live/huya/huya.go:74.71,81.3 1 0
github.com/bililive-go/bililive-go/src/live/huya/huya.go:83.2,84.29 2 0
github.com/bililive-go/bililive-go/src/live/huya/huya.go:84.29,86.3 1 0
github.com/bililive-go/bililive-go/src/live/huya/huya.go:88.2,88.48 1 0
github.com/bililive-go/bililive-go/src/live/huya/huya.go:88.48,90.3 1 0
github.com/bililive-go/bililive-go/src/live/huya/huya.go:92.2,94.8 3 0
github.com/bililive-go/bililive-go/src/live/huya/huya.go:97.74,99.35 2 0
github.com/bililive-go/bililive-go/src/live/huya/huya.go:99.35,101.3 1 0
github.com/bililive-go/bililive-go/src/live/huya/huya.go:103.2,103.61 1 0
github.com/bililive-go/bililive-go/src/live/huya/huya.go:103.61,105.3 1 0
github.com/bililive-go/bililive-go/src/live/huya/huya.go:107.2,109.8 3 0
github.com/bililive-go/bililive-go/src/live/huya/huya.go:112.43,114.2 1 0
github.com/bililive-go/bililive-go/src/live/huya/huya.go:116.57,122.2 1 0
github.com/bililive-go/bililive-go/src/live/huya/implForLol.go:25.56,29.2 3 0
github.com/bililive-go/bililive-go/src/live/huya/implForLol.go:31.72,39.54 2 0
github.com/bililive-go/bililive-go/src/live/huya/implForLol.go:39.54,41.3 1 0
github.com/bililive-go/bililive-go/src/live/huya/implForLol.go:43.2,49.18 2 0
github.com/bililive-go/bililive-go/src/live/huya/implForLol.go:52.78,54.16 2 0
github.com/bililive-go/bililive-go/src/live/huya/implForLol.go:54.16,56.3 1 0
github.com/bililive-go/bililive-go/src/live/huya/implForLol.go:57.2,57.38 1 0
github.com/bililive-go/bililive-go/src/live/huya/implForLol.go:57.38,59.3 1 0
github.com/bililive-go/bililive-go/src/live/huya/implForLol.go:60.2,61.16 2 0
github.com/bililive-go/bililive-go/src/live/huya/implForLol.go:61.16,63.3 1 0
github.com/bililive-go/bililive-go/src/live/huya/implForLol.go:65.2,66.25 2 0
github.com/bililive-go/bililive-go/src/live/huya/implForLol.go:66.25,68.3 1 0
github.com/bililive-go/bililive-go/src/live/huya/implForLol.go:69.2,70.37 2 0
github.com/bililive-go/bililive-go/src/live/huya/implForLol.go:70.37,72.3 1 0
github.com/bililive-go/bililive-go/src/live/huya/implForLol.go:73.2,74.39 2 0
github.com/bililive-go/bililive-go/src/live/huya/implForLol.go:74.39,76.3 1 0
github.com/bililive-go/bililive-go/src/live/huya/implForLol.go:77.2,79.36 3 0
github.com/bililive-go/bililive-go/src/live/huya/implForLol.go:79.36,81.3 1 0
github.com/bililive-go/bililive-go/src/live/huya/implForLol.go:83.2,84.31 2 0
github.com/bililive-go/bililive-go/src/live/huya/implForLol.go:84.31,86.3 1 0
github.com/bililive-go/bililive-go/src/live/huya/implForLol.go:87.2,88.35 2 0
github.com/bililive-go/bililive-go/src/live/huya/implForLol.go:88.35,90.3 1 0
github.com/bililive-go/bililive-go/src/live/huya/implForLol.go:91.2,94.16 4 0
github.com/bililive-go/bililive-go/src/live/huya/implForLol.go:94.16,96.3 1 0
github.com/bililive-go/bililive-go/src/live/huya/implForLol.go:97.2,97.62 1 0
github.com/bililive-go/bililive-go/src/live/huya/implForLol.go:100.102,111.16 6 0
github.com/bililive-go/bililive-go/src/live/huya/implForLol.go:111.16,113.3 1 0
github.com/bililive-go/bililive-go/src/live/huya/implForLol.go:114.2,116.16 3 0
github.com/bililive-go/bililive-go/src/live/huya/implForLol.go:116.16,118.3 1 0
github.com/bililive-go/bililive-go/src/live/huya/implForLol.go:119.2,119.27 1 0
github.com/bililive-go/bililive-go/src/live/huya/implForLol.go:136.83,138.16 2 0
github.com/bililive-go/bililive-go/src/live/huya/implForLol.go:138.16,140.3 1 0
github.com/bililive-go/bililive-go/src/live/huya/implForLol.go:141.2,179.67 13 0
github.com/bililive-go/bililive-go/src/live/huya/implForLol.go:179.67,181.3 1 0
github.com/bililive-go/bililive-go/src/live/huya/implForLol.go:182.2,182.26 1 0
github.com/bililive-go/bililive-go/src/live/huya/implForLol.go:185.37,188.2 2 0
github.com/bililive-go/bililive-go/src/live/huya/implForXingXiu.go:16.60,20.2 3 0
github.com/bililive-go/bililive-go/src/live/huya/implForXingXiu.go:22.76,24.16 2 0
github.com/bililive-go/bililive-go/src/live/huya/implForXingXiu.go:24.16,26.3 1 0
github.com/bililive-go/bililive-go/src/live/huya/implForXingXiu.go:28.2,28.75 1 0
github.com/bililive-go/bililive-go/src/live/huya/implForXingXiu.go:28.75,30.3 1 0
github.com/bililive-go/bililive-go/src/live/huya/implForXingXiu.go:32.2,38.54 2 0
github.com/bililive-go/bililive-go/src/live/huya/implForXingXiu.go:38.54,40.3 1 0
github.com/bililive-go/bililive-go/src/live/huya/implForXingXiu.go:42.2,48.18 2 0
github.com/bililive-go/bililive-go/src/live/huya/implForXingXiu.go:51.82,53.16 2 0
github.com/bililive-go/bililive-go/src/live/huya/implForXingXiu.go:53.16,55.3 1 0
github.com/bililive-go/bililive-go/src/live/huya/implForXingXiu.go:57.2,58.16 2 0
github.com/bililive-go/bililive-go/src/live/huya/implForXingXiu.go:58.16,60.3 1 0
github.com/bililive-go/bililive-go/src/live/huya/implForXingXiu.go:62.2,63.30 2 0
github.com/bililive-go/bililive-go/src/live/huya/implForXingXiu.go:63.30,65.3 1 0
github.com/bililive-go/bililive-go/src/live/huya/implForXingXiu.go:66.2,67.38 2 0
github.com/bililive-go/bililive-go/src/live/huya/implForXingXiu.go:67.38,69.44 1 0
github.com/bililive-go/bililive-go/src/live/huya/implForXingXiu.go:69.44,71.9 2 0
github.com/bililive-go/bililive-go/src/live/huya/implForXingXiu.go:74.2,81.52 6 0
github.com/bililive-go/bililive-go/src/live/huya/implForXingXiu.go:81.52,84.3 2 0
github.com/bililive-go/bililive-go/src/live/huya/implForXingXiu.go:86.2,87.16 2 0
github.com/bililive-go/bililive-go/src/live/huya/implForXingXiu.go:87.16,89.3 1 0
github.com/bililive-go/bililive-go/src/live/huya/implForXingXiu.go:90.2,91.19 2 0
github.com/bililive-go/bililive-go/src/live/huya/implForXingXiu.go:94.83,112.16 16 0
github.com/bililive-go/bililive-go/src/live/huya/implForXingXiu.go:112.16,114.3 1 0
github.com/bililive-go/bililive-go/src/live/huya/implForXingXiu.go:115.2,115.38 1 0
github.com/bililive-go/bililive-go/src/live/huya/implForXingXiu.go:115.38,117.3 1 0
github.com/bililive-go/bililive-go/src/live/huya/implForXingXiu.go:118.2,119.16 2 0
github.com/bililive-go/bililive-go/src/live/huya/implForXingXiu.go:119.16,121.3 1 0
github.com/bililive-go/bililive-go/src/live/huya/implForXingXiu.go:122.2,123.18 2 0
github.com/bililive-go/bililive-go/src/live/internal/base_live.go:25.43,27.2 1 0
github.com/bililive-go/bililive-go/src/live/internal/base_live.go:29.51,31.2 1 0
github.com/bililive-go/bililive-go/src/live/internal/base_live.go:33.41,36.35 3 0
github.com/bililive-go/bililive-go/src/live/internal/base_live.go:36.35,39.3 2 0
github.com/bililive-go/bililive-go/src/live/internal/base_live.go:40.2,44.3 1 0
github.com/bililive-go/bililive-go/src/live/internal/base_live.go:47.103,50.16 3 0
github.com/bililive-go/bililive-go/src/live/internal/base_live.go:50.16,52.3 1 0
github.com/bililive-go/bililive-go/src/live/internal/base_live.go:53.2,54.48 2 0
github.com/bililive-go/bililive-go/src/live/internal/base_live.go:54.48,56.3 1 0
github.com/bililive-go/bililive-go/src/live/internal/base_live.go:57.2,61.8 5 0
github.com/bililive-go/bililive-go/src/live/internal/base_live.go:64.52,66.2 1 0
[...]
github.com/bililive-go/bililive-go/src/servers/handler.go:257.2,259.12 3 0
github.com/bililive-go/bililive-go/src/servers/handler.go:262.61,264.2 1 0
github.com/bililive-go/bililive-go/src/servers/handler.go:266.61,269.41 3 0
github.com/bililive-go/bililive-go/src/servers/handler.go:269.41,275.3 2 0
github.com/bililive-go/bililive-go/src/servers/handler.go:276.2,278.4 1 0
github.com/bililive-go/bililive-go/src/servers/handler.go:281.64,283.16 2 0
github.com/bililive-go/bililive-go/src/servers/handler.go:283.16,289.3 2 0
github.com/bililive-go/bililive-go/src/servers/handler.go:290.2,292.4 1 0
github.com/bililive-go/bililive-go/src/servers/handler.go:295.64,297.16 2 0
github.com/bililive-go/bililive-go/src/servers/handler.go:297.16,303.3 2 0
github.com/bililive-go/bililive-go/src/servers/handler.go:304.2,309.16 6 0
github.com/bililive-go/bililive-go/src/servers/handler.go:309.16,315.3 2 0
github.com/bililive-go/bililive-go/src/servers/handler.go:316.2,320.63 5 0
github.com/bililive-go/bililive-go/src/servers/handler.go:320.63,325.3 2 0
github.com/bililive-go/bililive-go/src/servers/handler.go:326.2,331.4 4 0
github.com/bililive-go/bililive-go/src/servers/handler.go:334.83,339.34 5 0
github.com/bililive-go/bililive-go/src/servers/handler.go:339.34,342.71 3 0
github.com/bililive-go/bililive-go/src/servers/handler.go:342.71,344.80 1 0
github.com/bililive-go/bililive-go/src/servers/handler.go:344.80,346.5 1 0
github.com/bililive-go/bililive-go/src/servers/handler.go:347.9,349.11 2 0
github.com/bililive-go/bililive-go/src/servers/handler.go:349.11,351.5 1 0
github.com/bililive-go/bililive-go/src/servers/handler.go:352.4,353.47 2 0
github.com/bililive-go/bililive-go/src/servers/handler.go:353.47,354.28 1 0
github.com/bililive-go/bililive-go/src/servers/handler.go:354.28,356.54 1 0
github.com/bililive-go/bililive-go/src/servers/handler.go:356.54,358.7 1 0
github.com/bililive-go/bililive-go/src/servers/handler.go:359.11,361.65 1 0
github.com/bililive-go/bililive-go/src/servers/handler.go:361.65,363.7 1 0
github.com/bililive-go/bililive-go/src/servers/handler.go:366.4,366.32 1 0
github.com/bililive-go/bililive-go/src/servers/handler.go:369.2,370.33 2 0
github.com/bililive-go/bililive-go/src/servers/handler.go:370.33,371.40 1 0
github.com/bililive-go/bililive-go/src/servers/handler.go:371.40,374.11 2 0
github.com/bililive-go/bililive-go/src/servers/handler.go:374.11,376.5 1 0
github.com/bililive-go/bililive-go/src/servers/handler.go:377.4,377.29 1 0
github.com/bililive-go/bililive-go/src/servers/handler.go:380.2,380.12 1 0
github.com/bililive-go/bililive-go/src/servers/handler.go:383.59,385.2 1 0
github.com/bililive-go/bililive-go/src/servers/handler.go:387.63,393.16 5 0
github.com/bililive-go/bililive-go/src/servers/handler.go:393.16,398.3 2 0
github.com/bililive-go/bililive-go/src/servers/handler.go:400.2,401.16 2 0
github.com/bililive-go/bililive-go/src/servers/handler.go:401.16,406.3 2 0
github.com/bililive-go/bililive-go/src/servers/handler.go:407.2,407.39 1 0
github.com/bililive-go/bililive-go/src/servers/handler.go:407.39,412.3 2 0
github.com/bililive-go/bililive-go/src/servers/handler.go:414.2,415.16 2 0
github.com/bililive-go/bililive-go/src/servers/handler.go:415.16,420.3 2 0
github.com/bililive-go/bililive-go/src/servers/handler.go:422.2,435.29 4 0
github.com/bililive-go/bililive-go/src/servers/handler.go:435.29,437.17 2 0
github.com/bililive-go/bililive-go/src/servers/handler.go:437.17,438.12 1 0
github.com/bililive-go/bililive-go/src/servers/handler.go:440.3,443.20 4 0
github.com/bililive-go/bililive-go/src/servers/handler.go:443.20,445.4 1 0
github.com/bililive-go/bililive-go/src/servers/handler.go:447.2,449.25 2 0
github.com/bililive-go/bililive-go/src/servers/handler.go:452.69,456.31 4 0
github.com/bililive-go/bililive-go/src/servers/handler.go:456.31,458.46 2 0
github.com/bililive-go/bililive-go/src/servers/handler.go:458.46,459.12 1 0
github.com/bililive-go/bililive-go/src/servers/handler.go:461.3,463.50 3 0
github.com/bililive-go/bililive-go/src/servers/handler.go:463.50,466.4 2 0
github.com/bililive-go/bililive-go/src/servers/handler.go:466.9,469.4 2 0
github.com/bililive-go/bililive-go/src/servers/handler.go:470.3,470.28 1 0
github.com/bililive-go/bililive-go/src/servers/handler.go:472.2,474.25 3 0
github.com/bililive-go/bililive-go/src/servers/handler.go:474.25,476.3 1 0
github.com/bililive-go/bililive-go/src/servers/handler.go:477.2,477.27 1 0
github.com/bililive-go/bililive-go/src/servers/handler.go:480.69,482.16 2 0
github.com/bililive-go/bililive-go/src/servers/handler.go:482.16,488.3 2 0
github.com/bililive-go/bililive-go/src/servers/handler.go:489.2,495.18 6 0
github.com/bililive-go/bililive-go/src/servers/handler.go:495.19,497.3 0 0
github.com/bililive-go/bililive-go/src/servers/handler.go:497.8,499.31 2 0
github.com/bililive-go/bililive-go/src/servers/handler.go:499.31,505.4 2 0
github.com/bililive-go/bililive-go/src/servers/handler.go:507.2,507.32 1 0
github.com/bililive-go/bililive-go/src/servers/handler.go:507.32,509.3 1 0
github.com/bililive-go/bililive-go/src/servers/handler.go:510.2,511.42 2 0
github.com/bililive-go/bililive-go/src/servers/handler.go:511.42,513.26 2 0
github.com/bililive-go/bililive-go/src/servers/handler.go:513.26,514.12 1 0
github.com/bililive-go/bililive-go/src/servers/handler.go:516.3,517.18 2 0
github.com/bililive-go/bililive-go/src/servers/handler.go:517.18,523.4 2 0
github.com/bililive-go/bililive-go/src/servers/handler.go:524.3,524.42 1 0
github.com/bililive-go/bililive-go/src/servers/handler.go:526.2,529.4 2 0
github.com/bililive-go/bililive-go/src/servers/middleware.go:9.45,10.71 1 0
github.com/bililive-go/bililive-go/src/servers/middleware.go:10.71,17.3 2 0
github.com/bililive-go/bililive-go/src/servers/models.go:15.30,17.2 1 0
github.com/bililive-go/bililive-go/src/servers/models.go:18.35,20.2 1 0
github.com/bililive-go/bililive-go/src/servers/models.go:21.40,23.2 1 0
github.com/bililive-go/bililive-go/src/servers/server.go:24.47,26.48 2 0
github.com/bililive-go/bililive-go/src/servers/server.go:26.48,27.72 1 0
github.com/bililive-go/bililive-go/src/servers/server.go:27.72,37.4 1 0
github.com/bililive-go/bililive-go/src/servers/server.go:41.2,72.16 19 0
github.com/bililive-go/bililive-go/src/servers/server.go:72.16,74.3 1 0
github.com/bililive-go/bililive-go/src/servers/server.go:75.2,78.44 2 0
github.com/bililive-go/bililive-go/src/servers/server.go:78.44,80.3 1 0
github.com/bililive-go/bililive-go/src/servers/server.go:81.2,81.10 1 0
github.com/bililive-go/bililive-go/src/servers/server.go:84.50,85.71 1 0
github.com/bililive-go/bililive-go/src/servers/server.go:85.71,90.3 4 0
github.com/bililive-go/bililive-go/src/servers/server.go:93.45,103.2 6 0
github.com/bililive-go/bililive-go/src/servers/server.go:105.51,108.12 3 0
github.com/bililive-go/bililive-go/src/servers/server.go:108.12,110.17 2 0
github.com/bililive-go/bililive-go/src/servers/server.go:110.17,113.4 2 0
github.com/bililive-go/bililive-go/src/servers/server.go:114.3,114.47 1 0
github.com/bililive-go/bililive-go/src/servers/server.go:115.34,115.34 0 0
github.com/bililive-go/bililive-go/src/servers/server.go:116.11,117.26 1 0
github.com/bililive-go/bililive-go/src/servers/server.go:120.2,121.12 2 0
github.com/bililive-go/bililive-go/src/servers/server.go:124.45,128.48 4 0
github.com/bililive-go/bililive-go/src/servers/server.go:128.48,130.3 1 0
github.com/bililive-go/bililive-go/src/servers/server.go:131.2,132.35 2 0
github.com/bililive-go/bililive-go/src/servers/utils.go:13.60,16.2 2 0
github.com/bililive-go/bililive-go/src/servers/utils.go:18.48,20.16 2 0
github.com/bililive-go/bililive-go/src/servers/utils.go:20.16,23.3 2 0
github.com/bililive-go/bililive-go/src/servers/utils.go:24.2,25.19 2 0
github.com/bililive-go/bililive-go/src/servers/utils.go:28.72,30.16 2 0
github.com/bililive-go/bililive-go/src/servers/utils.go:30.16,33.3 2 0
github.com/bililive-go/bililive-go/src/servers/utils.go:34.2,36.19 3 0
github.com/bililive-go/bililive-go/src/recorders/manager.go:17.46,25.2 3 1
github.com/bililive-go/bililive-go/src/recorders/manager.go:47.79,48.93 1 0
github.com/bililive-go/bililive-go/src/recorders/manager.go:48.93,50.50 2 0
github.com/bililive-go/bililive-go/src/recorders/manager.go:50.50,52.4 1 0
github.com/bililive-go/bililive-go/src/recorders/manager.go:55.2,55.99 1 0
github.com/bililive-go/bililive-go/src/recorders/manager.go:55.99,57.44 2 0
github.com/bililive-go/bililive-go/src/recorders/manager.go:57.44,59.4 1 0
github.com/bililive-go/bililive-go/src/recorders/manager.go:60.3,60.54 1 0
github.com/bililive-go/bililive-go/src/recorders/manager.go:60.54,62.4 1 0
github.com/bililive-go/bililive-go/src/recorders/manager.go:65.2,65.73 1 0
github.com/bililive-go/bililive-go/src/recorders/manager.go:65.73,67.44 2 0
github.com/bililive-go/bililive-go/src/recorders/manager.go:67.44,69.4 1 0
github.com/bililive-go/bililive-go/src/recorders/manager.go:70.3,70.65 1 0
github.com/bililive-go/bililive-go/src/recorders/manager.go:70.65,72.4 1 0
github.com/bililive-go/bililive-go/src/recorders/manager.go:74.2,75.62 2 0
github.com/bililive-go/bililive-go/src/recorders/manager.go:78.52,80.51 2 0
github.com/bililive-go/bililive-go/src/recorders/manager.go:80.51,82.3 1 0
github.com/bililive-go/bililive-go/src/recorders/manager.go:83.2,84.12 2 0
github.com/bililive-go/bililive-go/src/recorders/manager.go:87.46,90.37 3 0
github.com/bililive-go/bililive-go/src/recorders/manager.go:90.37,93.3 2 0
github.com/bililive-go/bililive-go/src/recorders/manager.go:94.2,95.23 2 0
github.com/bililive-go/bililive-go/src/recorders/manager.go:98.74,101.45 3 1
github.com/bililive-go/bililive-go/src/recorders/manager.go:101.45,103.3 1 1
github.com/bililive-go/bililive-go/src/recorders/manager.go:104.2,105.16 2 1
github.com/bililive-go/bililive-go/src/recorders/manager.go:105.16,107.3 1 0
github.com/bililive-go/bililive-go/src/recorders/manager.go:108.2,110.67 2 1
github.com/bililive-go/bililive-go/src/recorders/manager.go:110.67,112.3 1 0
github.com/bililive-go/bililive-go/src/recorders/manager.go:113.2,113.28 1 1
github.com/bililive-go/bililive-go/src/recorders/manager.go:116.68,118.16 2 0
github.com/bililive-go/bililive-go/src/recorders/manager.go:118.16,120.3 1 0
github.com/bililive-go/bililive-go/src/recorders/manager.go:121.2,121.79 1 0
github.com/bililive-go/bililive-go/src/recorders/manager.go:121.79,122.40 1 0
github.com/bililive-go/bililive-go/src/recorders/manager.go:122.40,124.4 1 0
github.com/bililive-go/bililive-go/src/recorders/manager.go:125.3,125.9 1 0
github.com/bililive-go/bililive-go/src/recorders/manager.go:127.2,127.53 1 0
github.com/bililive-go/bililive-go/src/recorders/manager.go:127.53,129.3 1 0
github.com/bililive-go/bililive-go/src/recorders/manager.go:132.78,133.64 1 1
github.com/bililive-go/bililive-go/src/recorders/manager.go:133.64,135.3 1 0
github.com/bililive-go/bililive-go/src/recorders/manager.go:136.2,136.49 1 1
github.com/bililive-go/bililive-go/src/recorders/manager.go:136.49,138.3 1 0
github.com/bililive-go/bililive-go/src/recorders/manager.go:139.2,139.12 1 1
github.com/bililive-go/bililive-go/src/recorders/manager.go:142.82,146.9 4 1
github.com/bililive-go/bililive-go/src/recorders/manager.go:146.9,148.3 1 1
github.com/bililive-go/bililive-go/src/recorders/manager.go:149.2,151.12 3 1
github.com/bililive-go/bililive-go/src/recorders/manager.go:154.91,158.9 4 1
github.com/bililive-go/bililive-go/src/recorders/manager.go:158.9,160.3 1 1
github.com/bililive-go/bililive-go/src/recorders/manager.go:161.2,161.15 1 1
github.com/bililive-go/bililive-go/src/recorders/manager.go:164.78,169.2 4 1
github.com/bililive-go/bililive-go/src/recorders/recorder.go:43.102,45.61 2 0
github.com/bililive-go/bililive-go/src/recorders/recorder.go:45.61,47.4 1 0
github.com/bililive-go/bililive-go/src/recorders/recorder.go:48.3,48.37 1 0
github.com/bililive-go/bililive-go/src/recorders/recorder.go:51.34,53.3 1 0
github.com/bililive-go/bililive-go/src/recorders/recorder.go:55.38,56.65 1 0
github.com/bililive-go/bililive-go/src/recorders/recorder.go:56.65,58.4 1 0
github.com/bililive-go/bililive-go/src/recorders/recorder.go:62.72,65.2 1 0
github.com/bililive-go/bililive-go/src/recorders/recorder.go:90.73,104.2 2 0
github.com/bililive-go/bililive-go/src/recorders/recorder.go:106.51,109.79 3 0
github.com/bililive-go/bililive-go/src/recorders/recorder.go:109.79,113.72 2 0
github.com/bililive-go/bililive-go/src/recorders/recorder.go:113.72,114.99 1 0
github.com/bililive-go/bililive-go/src/recorders/recorder.go:115.9,115.24 1 0
github.com/bililive-go/bililive-go/src/recorders/recorder.go:115.24,117.4 1 0
github.com/bililive-go/bililive-go/src/recorders/recorder.go:119.2,119.41 1 0
github.com/bililive-go/bililive-go/src/recorders/recorder.go:119.41,123.3 3 0
github.com/bililive-go/bililive-go/src/recorders/recorder.go:125.2,129.31 4 0
github.com/bililive-go/bililive-go/src/recorders/recorder.go:129.31,131.17 2 0
github.com/bililive-go/bililive-go/src/recorders/recorder.go:131.17,133.4 1 0
github.com/bililive-go/bililive-go/src/recorders/recorder.go:136.2,137.47 2 0
github.com/bililive-go/bililive-go/src/recorders/recorder.go:137.47,138.64 1 0
github.com/bililive-go/bililive-go/src/recorders/recorder.go:140.2,145.40 5 0
github.com/bililive-go/bililive-go/src/recorders/recorder.go:145.40,147.3 1 0
github.com/bililive-go/bililive-go/src/recorders/recorder.go:149.2,149.20 1 0
github.com/bililive-go/bililive-go/src/recorders/recorder.go:149.20,151.3 1 0
github.com/bililive-go/bililive-go/src/recorders/recorder.go:153.2,153.41 1 0
github.com/bililive-go/bililive-go/src/recorders/recorder.go:153.41,156.3 2 0
github.com/bililive-go/bililive-go/src/recorders/recorder.go:157.2,160.20 2 0
github.com/bililive-go/bililive-go/src/recorders/recorder.go:160.20,162.3 1 0
github.com/bililive-go/bililive-go/src/recorders/recorder.go:163.2,164.16 2 0
github.com/bililive-go/bililive-go/src/recorders/recorder.go:164.16,167.3 2 0
github.com/bililive-go/bililive-go/src/recorders/recorder.go:168.2,175.16 8 0
github.com/bililive-go/bililive-go/src/recorders/recorder.go:175.16,178.3 2 0
github.com/bililive-go/bililive-go/src/recorders/recorder.go:179.2,180.21 2 0
github.com/bililive-go/bililive-go/src/recorders/recorder.go:180.21,182.17 2 0
github.com/bililive-go/bililive-go/src/recorders/recorder.go:182.17,185.4 2 0
github.com/bililive-go/bililive-go/src/recorders/recorder.go:187.3,196.18 2 0
github.com/bililive-go/bililive-go/src/recorders/recorder.go:196.18,199.4 2 0
github.com/bililive-go/bililive-go/src/recorders/recorder.go:200.3,202.23 3 0
github.com/bililive-go/bililive-go/src/recorders/recorder.go:203.16,205.25 2 0
github.com/bililive-go/bililive-go/src/recorders/recorder.go:206.18,208.25 2 0
github.com/bililive-go/bililive-go/src/recorders/recorder.go:209.11,210.59 1 0
github.com/bililive-go/bililive-go/src/recorders/recorder.go:212.3,215.21 4 0
github.com/bililive-go/bililive-go/src/recorders/recorder.go:215.21,218.4 2 0
github.com/bililive-go/bililive-go/src/recorders/recorder.go:219.3,219.34 1 0
github.com/bililive-go/bililive-go/src/recorders/recorder.go:219.34,221.4 1 0
github.com/bililive-go/bililive-go/src/recorders/recorder.go:221.9,221.61 1 0
github.com/bililive-go/bililive-go/src/recorders/recorder.go:221.61,223.4 1 0
github.com/bililive-go/bililive-go/src/recorders/recorder.go:224.3,224.72 1 0
github.com/bililive-go/bililive-go/src/recorders/recorder.go:225.8,225.51 1 0
github.com/bililive-go/bililive-go/src/recorders/recorder.go:225.51,237.41 3 0
github.com/bililive-go/bililive-go/src/recorders/recorder.go:237.41,240.4 2 0
github.com/bililive-go/bililive-go/src/recorders/recorder.go:240.9,240.61 1 0
github.com/bililive-go/bililive-go/src/recorders/recorder.go:240.61,242.4 1 0
github.com/bililive-go/bililive-go/src/recorders/recorder.go:246.45,247.6 1 0
github.com/bililive-go/bililive-go/src/recorders/recorder.go:247.6,248.10 1 0
github.com/bililive-go/bililive-go/src/recorders/recorder.go:249.17,250.10 1 0
github.com/bililive-go/bililive-go/src/recorders/recorder.go:251.11,252.20 1 0
github.com/bililive-go/bililive-go/src/recorders/recorder.go:257.46,261.2 3 0
github.com/bililive-go/bililive-go/src/recorders/recorder.go:263.55,266.21 3 0
github.com/bililive-go/bililive-go/src/recorders/recorder.go:266.21,267.41 1 0
github.com/bililive-go/bililive-go/src/recorders/recorder.go:267.41,269.4 1 0
github.com/bililive-go/bililive-go/src/recorders/recorder.go:271.2,271.14 1 0
github.com/bililive-go/bililive-go/src/recorders/recorder.go:274.53,275.60 1 0
github.com/bililive-go/bililive-go/src/recorders/recorder.go:275.60,277.3 1 0
github.com/bililive-go/bililive-go/src/recorders/recorder.go:278.2,282.12 5 0
github.com/bililive-go/bililive-go/src/recorders/recorder.go:285.42,287.2 1 0
github.com/bililive-go/bililive-go/src/recorders/recorder.go:289.28,290.62 1 0
github.com/bililive-go/bililive-go/src/recorders/recorder.go:290.62,292.3 1 0
github.com/bililive-go/bililive-go/src/recorders/recorder.go:293.2,294.34 2 0
github.com/bililive-go/bililive-go/src/recorders/recorder.go:294.34,295.34 1 0
github.com/bililive-go/bililive-go/src/recorders/recorder.go:295.34,297.4 1 0
github.com/bililive-go/bililive-go/src/recorders/recorder.go:299.2,300.59 2 0
github.com/bililive-go/bililive-go/src/recorders/recorder.go:303.46,305.2 1 0
github.com/bililive-go/bililive-go/src/recorders/recorder.go:307.47,309.16 2 0
github.com/bililive-go/bililive-go/src/recorders/recorder.go:309.16,311.3 1 0
github.com/bililive-go/bililive-go/src/recorders/recorder.go:312.2,316.3 2 0
github.com/bililive-go/bililive-go/src/recorders/recorder.go:319.59,321.9 2 0
github.com/bililive-go/bililive-go/src/recorders/recorder.go:321.9,323.3 1 0
github.com/bililive-go/bililive-go/src/recorders/recorder.go:324.2,324.25 1 0
github.com/bililive-go/bililive-go/src/pkg/events/dispatcher.go:13.52,18.17 3 1
github.com/bililive-go/bililive-go/src/pkg/events/dispatcher.go:18.17,20.3 1 0
github.com/bililive-go/bililive-go/src/pkg/events/dispatcher.go:21.2,21.11 1 1
github.com/bililive-go/bililive-go/src/pkg/events/dispatcher.go:37.55,39.2 1 0
github.com/bililive-go/bililive-go/src/pkg/events/dispatcher.go:41.50,43.2 0 0
github.com/bililive-go/bililive-go/src/pkg/events/dispatcher.go:45.85,49.28 4 1
github.com/bililive-go/bililive-go/src/pkg/events/dispatcher.go:49.28,52.3 2 1
github.com/bililive-go/bililive-go/src/pkg/events/dispatcher.go:53.2,53.30 1 1
github.com/bililive-go/bililive-go/src/pkg/events/dispatcher.go:56.88,60.29 4 1
github.com/bililive-go/bililive-go/src/pkg/events/dispatcher.go:60.29,62.3 1 0
github.com/bililive-go/bililive-go/src/pkg/events/dispatcher.go:63.2,63.53 1 1
github.com/bililive-go/bililive-go/src/pkg/events/dispatcher.go:63.53,64.26 1 1
github.com/bililive-go/bililive-go/src/pkg/events/dispatcher.go:64.26,66.4 1 1
github.com/bililive-go/bililive-go/src/pkg/events/dispatcher.go:68.2,68.26 1 1
github.com/bililive-go/bililive-go/src/pkg/events/dispatcher.go:68.26,70.3 1 1
github.com/bililive-go/bililive-go/src/pkg/events/dispatcher.go:73.66,77.2 3 1
github.com/bililive-go/bililive-go/src/pkg/events/dispatcher.go:79.50,80.18 1 1
github.com/bililive-go/bililive-go/src/pkg/events/dispatcher.go:80.18,82.3 1 0
github.com/bililive-go/bililive-go/src/pkg/events/dispatcher.go:83.2,85.29 3 1
github.com/bililive-go/bililive-go/src/pkg/events/dispatcher.go:85.29,88.3 2 0
github.com/bililive-go/bililive-go/src/pkg/events/dispatcher.go:89.2,90.53 2 1
github.com/bililive-go/bililive-go/src/pkg/events/dispatcher.go:90.53,92.3 1 1
github.com/bililive-go/bililive-go/src/pkg/events/dispatcher.go:93.2,94.12 2 1
github.com/bililive-go/bililive-go/src/pkg/events/dispatcher.go:94.12,95.24 1 1
github.com/bililive-go/bililive-go/src/pkg/events/dispatcher.go:95.24,97.4 1 1
github.com/bililive-go/bililive-go/src/pkg/events/event.go:12.55,14.2 1 1
github.com/bililive-go/bililive-go/src/pkg/events/event.go:20.60,22.2 1 1
